\BOOKMARK [0][-]{part.1}{\376\377\000I\000\040\000F\000o\000u\000n\000d\000a\000t\000i\000o\000n\000s}{}% 1
\BOOKMARK [1][-]{section.1}{\376\377\000I\000n\000t\000r\000o\000d\000u\000c\000t\000i\000o\000n}{part.1}% 2
\BOOKMARK [1][-]{section.2}{\376\377\000B\000o\000u\000n\000d\000e\000d\000\040\000P\000h\000a\000s\000e\000\040\000S\000p\000a\000c\000e\000\040\000a\000n\000d\000\040\000O\000s\000c\000i\000l\000l\000a\000t\000o\000r\000y\000\040\000N\000e\000c\000e\000s\000s\000i\000t\000y}{part.1}% 3
\BOOKMARK [1][-]{section.3}{\376\377\000S\000-\000E\000n\000t\000r\000o\000p\000y\000\040\000C\000o\000o\000r\000d\000i\000n\000a\000t\000e\000\040\000S\000p\000a\000c\000e}{part.1}% 4
\BOOKMARK [1][-]{section.4}{\376\377\000E\000m\000i\000s\000s\000i\000o\000n\000-\000T\000r\000i\000g\000g\000e\000r\000e\000d\000\040\000T\000e\000m\000p\000o\000r\000a\000l\000\040\000S\000e\000p\000a\000r\000a\000t\000i\000o\000n}{part.1}% 5
\BOOKMARK [1][-]{section.5}{\376\377\000S\000p\000e\000c\000t\000r\000o\000s\000c\000o\000p\000i\000c\000\040\000M\000e\000a\000s\000u\000r\000e\000m\000e\000n\000t\000\040\000a\000s\000\040\000T\000e\000r\000n\000a\000r\000y\000\040\000P\000r\000o\000j\000e\000c\000t\000i\000o\000n}{part.1}% 6
\BOOKMARK [0][-]{part.2}{\376\377\000I\000I\000\040\000T\000h\000e\000\040\000S\000p\000e\000c\000t\000r\000a\000l\000\040\000H\000o\000l\000o\000g\000r\000a\000m}{}% 7
\BOOKMARK [1][-]{section.6}{\376\377\000S\000u\000p\000e\000r\000p\000o\000s\000i\000t\000i\000o\000n\000\040\000a\000n\000d\000\040\000t\000h\000e\000\040\000C\000o\000m\000p\000l\000e\000t\000e\000\040\000S\000t\000a\000t\000e\000\040\000F\000u\000n\000c\000t\000i\000o\000n}{part.2}% 8
\BOOKMARK [1][-]{section.7}{\376\377\000V\000i\000b\000r\000a\000t\000i\000o\000n\000a\000l\000\040\000C\000o\000u\000p\000l\000i\000n\000g\000\040\000M\000a\000t\000r\000i\000x}{part.2}% 9
\BOOKMARK [1][-]{section.8}{\376\377\000F\000r\000a\000n\000c\000k\040\023\000C\000o\000n\000d\000o\000n\000\040\000E\000x\000t\000r\000a\000c\000t\000i\000o\000n}{part.2}% 10
\BOOKMARK [1][-]{section.9}{\376\377\000S\000t\000o\000k\000e\000s\000\040\000S\000h\000i\000f\000t\000\040\000D\000e\000c\000o\000m\000p\000o\000s\000i\000t\000i\000o\000n}{part.2}% 11
\BOOKMARK [1][-]{section.10}{\376\377\000D\000i\000f\000f\000r\000a\000c\000t\000i\000o\000n\000\040\000P\000a\000t\000t\000e\000r\000n\000\040\000a\000n\000d\000\040\000M\000o\000l\000e\000c\000u\000l\000a\000r\000\040\000S\000y\000m\000m\000e\000t\000r\000y}{part.2}% 12
\BOOKMARK [0][-]{part.3}{\376\377\000I\000I\000I\000\040\000E\000n\000h\000a\000n\000c\000e\000m\000e\000n\000t\000\040\000M\000e\000c\000h\000a\000n\000i\000s\000m\000s}{}% 13
\BOOKMARK [1][-]{section.11}{\376\377\000C\000a\000t\000e\000g\000o\000r\000i\000c\000a\000l\000\040\000T\000e\000m\000p\000o\000r\000a\000l\000\040\000R\000e\000s\000o\000l\000u\000t\000i\000o\000n}{part.3}% 14
\BOOKMARK [1][-]{section.12}{\376\377\000A\000u\000t\000o\000c\000a\000t\000a\000l\000y\000t\000i\000c\000\040\000I\000n\000f\000o\000r\000m\000a\000t\000i\000o\000n\000\040\000G\000a\000i\000n}{part.3}% 15
\BOOKMARK [1][-]{section.13}{\376\377\000H\000a\000r\000d\000w\000a\000r\000e\000\040\000G\000a\000s\000\040\000L\000a\000w\000\040\000f\000o\000r\000\040\000S\000p\000e\000c\000t\000r\000o\000s\000c\000o\000p\000y}{part.3}% 16
\BOOKMARK [0][-]{part.4}{\376\377\000I\000V\000\040\000I\000m\000p\000l\000e\000m\000e\000n\000t\000a\000t\000i\000o\000n}{}% 17
\BOOKMARK [1][-]{section.14}{\376\377\000G\000P\000U\000\040\000S\000h\000a\000d\000e\000r\000\040\000P\000i\000p\000e\000l\000i\000n\000e}{part.4}% 18
\BOOKMARK [2][-]{subsection.14.1}{\376\377\000P\000a\000s\000s\000\040\0001\000:\000\040\000T\000e\000m\000p\000o\000r\000a\000l\000\040\000S\000e\000p\000a\000r\000a\000t\000i\000o\000n}{section.14}% 19
\BOOKMARK [2][-]{subsection.14.2}{\376\377\000P\000a\000s\000s\000\040\0002\000:\000\040\000W\000e\000i\000g\000h\000t\000e\000d\000\040\000S\000u\000p\000e\000r\000p\000o\000s\000i\000t\000i\000o\000n}{section.14}% 20
\BOOKMARK [2][-]{subsection.14.3}{\376\377\000P\000a\000s\000s\000\040\0003\000:\000\040\0002\000D\000\040\000F\000F\000T\000\040\000D\000i\000f\000f\000r\000a\000c\000t\000i\000o\000n}{section.14}% 21
\BOOKMARK [2][-]{subsection.14.4}{\376\377\000P\000a\000s\000s\000\040\0004\000:\000\040\000M\000u\000l\000t\000i\000-\000M\000o\000d\000a\000l\000\040\000C\000a\000t\000e\000g\000o\000r\000i\000c\000a\000l\000\040\000S\000y\000n\000t\000h\000e\000s\000i\000s}{section.14}% 22
\BOOKMARK [2][-]{subsection.14.5}{\376\377\000P\000a\000s\000s\000\040\0005\000:\000\040\000T\000r\000a\000j\000e\000c\000t\000o\000r\000y\000\040\000C\000o\000m\000p\000l\000e\000t\000i\000o\000n}{section.14}% 23
\BOOKMARK [1][-]{section.15}{\376\377\000I\000n\000t\000e\000r\000a\000c\000t\000i\000v\000e\000\040\000H\000o\000l\000o\000g\000r\000a\000m\000\040\000V\000i\000e\000w\000e\000r}{part.4}% 24
\BOOKMARK [0][-]{part.5}{\376\377\000V\000\040\000V\000a\000l\000i\000d\000a\000t\000i\000o\000n}{}% 25
\BOOKMARK [1][-]{section.16}{\376\377\000V\000a\000l\000i\000d\000a\000t\000i\000o\000n\000\040\000o\000n\000\040\000C\000H\0004\000+}{part.5}% 26
\BOOKMARK [2][-]{subsection.16.1}{\376\377\000S\000y\000s\000t\000e\000m\000\040\000P\000a\000r\000a\000m\000e\000t\000e\000r\000s}{section.16}% 27
\BOOKMARK [2][-]{subsection.16.2}{\376\377\000T\000e\000m\000p\000o\000r\000a\000l\000\040\000S\000e\000p\000a\000r\000a\000t\000i\000o\000n}{section.16}% 28
\BOOKMARK [2][-]{subsection.16.3}{\376\377\000C\000r\000o\000s\000s\000-\000P\000r\000e\000d\000i\000c\000t\000i\000o\000n\000\040\000A\000c\000c\000u\000r\000a\000c\000y}{section.16}% 29
\BOOKMARK [2][-]{subsection.16.4}{\376\377\000M\000u\000t\000u\000a\000l\000\040\000E\000x\000c\000l\000u\000s\000i\000o\000n\000\040\000V\000a\000l\000i\000d\000a\000t\000i\000o\000n}{section.16}% 30
\BOOKMARK [2][-]{subsection.16.5}{\376\377\000T\000e\000r\000n\000a\000r\000y\000\040\000T\000r\000a\000j\000e\000c\000t\000o\000r\000y\000\040\000F\000i\000d\000e\000l\000i\000t\000y}{section.16}% 31
\BOOKMARK [2][-]{subsection.16.6}{\376\377\000C\000a\000t\000e\000g\000o\000r\000i\000c\000a\000l\000\040\000R\000e\000s\000o\000l\000u\000t\000i\000o\000n}{section.16}% 32
\BOOKMARK [2][-]{subsection.16.7}{\376\377\000D\000i\000f\000f\000r\000a\000c\000t\000i\000o\000n\000\040\000S\000y\000m\000m\000e\000t\000r\000y}{section.16}% 33
\BOOKMARK [1][-]{section.17}{\376\377\000V\000a\000l\000i\000d\000a\000t\000i\000o\000n\000\040\000o\000n\000\040\000R\000h\000o\000d\000a\000m\000i\000n\000e\000\040\0006\000G}{part.5}% 34
\BOOKMARK [2][-]{subsection.17.1}{\376\377\000S\000y\000s\000t\000e\000m\000\040\000P\000a\000r\000a\000m\000e\000t\000e\000r\000s}{section.17}% 35
\BOOKMARK [2][-]{subsection.17.2}{\376\377\000G\000r\000o\000u\000n\000d\000-\000S\000t\000a\000t\000e\000\040\000I\000R\000\040\000S\000p\000e\000c\000t\000r\000u\000m}{section.17}% 36
\BOOKMARK [2][-]{subsection.17.3}{\376\377\000E\000x\000c\000i\000t\000e\000d\000-\000S\000t\000a\000t\000e\000\040\000R\000a\000m\000a\000n\000\040\000S\000p\000e\000c\000t\000r\000u\000m}{section.17}% 37
\BOOKMARK [2][-]{subsection.17.4}{\376\377\000V\000i\000b\000r\000a\000t\000i\000o\000n\000a\000l\000\040\000C\000o\000u\000p\000l\000i\000n\000g\000\040\000M\000a\000t\000r\000i\000x}{section.17}% 38
\BOOKMARK [2][-]{subsection.17.5}{\376\377\000S\000t\000o\000k\000e\000s\000\040\000S\000h\000i\000f\000t\000\040\000a\000n\000d\000\040\000R\000e\000o\000r\000g\000a\000n\000i\000s\000a\000t\000i\000o\000n\000\040\000E\000n\000e\000r\000g\000y}{section.17}% 39
\BOOKMARK [2][-]{subsection.17.6}{\376\377\000H\000u\000a\000n\000g\040\023\000R\000h\000y\000s\000\040\000F\000a\000c\000t\000o\000r}{section.17}% 40
\BOOKMARK [2][-]{subsection.17.7}{\376\377\000D\000i\000f\000f\000r\000a\000c\000t\000i\000o\000n\000\040\000S\000y\000m\000m\000e\000t\000r\000y}{section.17}% 41
\BOOKMARK [2][-]{subsection.17.8}{\376\377\000S\000u\000m\000m\000a\000r\000y\000\040\000o\000f\000\040\000V\000a\000l\000i\000d\000a\000t\000i\000o\000n}{section.17}% 42
\BOOKMARK [0][-]{part.6}{\376\377\000V\000I\000\040\000D\000i\000s\000c\000u\000s\000s\000i\000o\000n\000\040\000a\000n\000d\000\040\000C\000o\000n\000c\000l\000u\000s\000i\000o\000n}{}% 43
\BOOKMARK [1][-]{section.18}{\376\377\000D\000i\000s\000c\000u\000s\000s\000i\000o\000n}{part.6}% 44
\BOOKMARK [2][-]{subsection.18.1}{\376\377\000W\000h\000a\000t\000\040\000H\000a\000s\000\040\000B\000e\000e\000n\000\040\000D\000e\000r\000i\000v\000e\000d}{section.18}% 45
\BOOKMARK [2][-]{subsection.18.2}{\376\377\000S\000i\000x\000\040\000Q\000u\000a\000n\000t\000i\000t\000i\000e\000s\000\040\000I\000n\000a\000c\000c\000e\000s\000s\000i\000b\000l\000e\000\040\000t\000o\000\040\000S\000i\000n\000g\000l\000e\000-\000S\000t\000a\000t\000e\000\040\000M\000e\000a\000s\000u\000r\000e\000m\000e\000n\000t}{section.18}% 46
\BOOKMARK [2][-]{subsection.18.3}{\376\377\000E\000n\000h\000a\000n\000c\000e\000m\000e\000n\000t\000\040\000F\000a\000c\000t\000o\000r\000s}{section.18}% 47
\BOOKMARK [2][-]{subsection.18.4}{\376\377\000C\000o\000m\000p\000a\000r\000i\000s\000o\000n\000\040\000w\000i\000t\000h\000\040\000C\000o\000n\000v\000e\000n\000t\000i\000o\000n\000a\000l\000\040\000M\000e\000t\000h\000o\000d\000s}{section.18}% 48
\BOOKMARK [2][-]{subsection.18.5}{\376\377\000T\000h\000e\000\040\000E\000m\000p\000t\000y\000\040\000D\000i\000c\000t\000i\000o\000n\000a\000r\000y\000\040\000P\000r\000i\000n\000c\000i\000p\000l\000e}{section.18}% 49
\BOOKMARK [2][-]{subsection.18.6}{\376\377\000L\000i\000m\000i\000t\000a\000t\000i\000o\000n\000s}{section.18}% 50
\BOOKMARK [1][-]{section.19}{\376\377\000C\000o\000n\000c\000l\000u\000s\000i\000o\000n}{part.6}% 51
