\BOOKMARK [0][-]{part.1}{\376\377\000I\000\040\000F\000o\000u\000n\000d\000a\000t\000i\000o\000n\000s}{}% 1
\BOOKMARK [1][-]{section.1}{\376\377\000I\000n\000t\000r\000o\000d\000u\000c\000t\000i\000o\000n}{part.1}% 2
\BOOKMARK [2][-]{subsection.1.1}{\376\377\000T\000h\000e\000\040\000q\000u\000e\000s\000t\000i\000o\000n\000\040\000a\000n\000d\000\040\000t\000h\000e\000\040\000m\000e\000t\000h\000o\000d}{section.1}% 3
\BOOKMARK [2][-]{subsection.1.2}{\376\377\000W\000h\000a\000t\000\040\000t\000h\000e\000\040\000p\000a\000p\000e\000r\000\040\000b\000u\000i\000l\000d\000s}{section.1}% 4
\BOOKMARK [2][-]{subsection.1.3}{\376\377\000T\000h\000e\000\040\000s\000i\000n\000g\000l\000e\000\040\000f\000a\000c\000t}{section.1}% 5
\BOOKMARK [1][-]{section.2}{\376\377\000T\000h\000e\000\040\000c\000o\000n\000t\000a\000c\000t\000\040\000g\000r\000a\000p\000h}{part.1}% 6
\BOOKMARK [2][-]{subsection.2.1}{\376\377\000G\000r\000a\000p\000h\000s\000,\000\040\000c\000u\000t\000s\000,\000\040\000a\000n\000d\000\040\000t\000h\000e\000\040\000m\000e\000d\000i\000u\000m}{section.2}% 7
\BOOKMARK [2][-]{subsection.2.2}{\376\377\000S\000e\000p\000a\000r\000a\000t\000i\000o\000n\000\040\000c\000o\000s\000t}{section.2}% 8
\BOOKMARK [1][-]{section.3}{\376\377\000T\000h\000e\000\040\000f\000l\000o\000o\000r\000,\000\040\000d\000e\000r\000i\000v\000e\000d}{part.1}% 9
\BOOKMARK [2][-]{subsection.3.1}{\376\377\000N\000o\000n\000-\000c\000o\000m\000p\000l\000e\000t\000a\000b\000i\000l\000i\000t\000y}{section.3}% 10
\BOOKMARK [2][-]{subsection.3.2}{\376\377\000F\000l\000o\000o\000r\000\040\000f\000r\000o\000m\000\040\000n\000o\000n\000-\000c\000o\000m\000p\000l\000e\000t\000a\000b\000i\000l\000i\000t\000y}{section.3}% 11
\BOOKMARK [1][-]{section.4}{\376\377\000I\000n\000d\000i\000v\000i\000d\000u\000a\000t\000i\000o\000n\000\040\000b\000y\000\040\000n\000e\000g\000a\000t\000i\000o\000n}{part.1}% 12
\BOOKMARK [2][-]{subsection.4.1}{\376\377\000N\000o\000\040\000p\000r\000i\000v\000i\000l\000e\000g\000e\000d\000\040\000v\000e\000r\000t\000e\000x}{section.4}% 13
\BOOKMARK [1][-]{section.5}{\376\377\000I\000d\000e\000n\000t\000i\000t\000y\000\040\000i\000s\000\040\000t\000h\000e\000\040\000i\000n\000v\000a\000r\000i\000a\000n\000t\000\040\000c\000u\000t}{part.1}% 14
\BOOKMARK [2][-]{subsection.5.1}{\376\377\000T\000h\000e\000\040\000i\000n\000t\000r\000i\000n\000s\000i\000c\000\040\000m\000i\000n\000i\000m\000u\000m\000\040\000c\000u\000t}{section.5}% 15
\BOOKMARK [2][-]{subsection.5.2}{\376\377\000I\000d\000e\000n\000t\000i\000t\000y\000\040\000i\000s\000\040\000i\000n\000v\000a\000r\000i\000a\000n\000t\000\040\000a\000n\000d\000\040\000r\000e\000g\000i\000o\000n\000-\000v\000a\000l\000u\000e\000d}{section.5}% 16
\BOOKMARK [0][-]{part.2}{\376\377\000I\000I\000\040\000P\000r\000o\000p\000a\000g\000a\000t\000i\000o\000n}{}% 17
\BOOKMARK [1][-]{section.6}{\376\377\000T\000h\000e\000\040\000r\000e\000s\000i\000d\000u\000e\000\040\000i\000s\000\040\000t\000h\000e\000\040\000n\000e\000x\000t\000\040\000c\000u\000t}{part.2}% 18
\BOOKMARK [2][-]{subsection.6.1}{\376\377\000C\000o\000m\000m\000i\000t\000t\000e\000d\000\040\000c\000u\000t\000s\000\040\000a\000n\000d\000\040\000t\000h\000e\000\040\000r\000e\000c\000o\000r\000d}{section.6}% 19
\BOOKMARK [2][-]{subsection.6.2}{\376\377\000R\000e\000s\000i\000d\000u\000e\000\040\000a\000s\000\040\000c\000a\000u\000s\000a\000l\000\040\000p\000r\000o\000p\000a\000g\000a\000t\000o\000r}{section.6}% 20
\BOOKMARK [2][-]{subsection.6.3}{\376\377\000M\000o\000n\000o\000t\000o\000n\000i\000c\000i\000t\000y\000\040\000a\000n\000d\000\040\000n\000o\000n\000-\000r\000e\000t\000u\000r\000n}{section.6}% 21
\BOOKMARK [2][-]{subsection.6.4}{\376\377\000T\000h\000e\000\040\000t\000h\000r\000e\000e\000\040\000r\000e\000a\000d\000i\000n\000g\000s\000\040\000o\000f\000\040\000a\000\040\000r\000e\000s\000i\000d\000u\000e}{section.6}% 22
\BOOKMARK [1][-]{section.7}{\376\377\000M\000e\000a\000s\000u\000r\000e\000m\000e\000n\000t\000\040\000a\000n\000d\000\040\000r\000e\000a\000c\000t\000i\000o\000n\000\040\000a\000r\000e\000\040\000o\000n\000e\000\040\000o\000p\000e\000r\000a\000t\000i\000o\000n}{part.2}% 23
\BOOKMARK [2][-]{subsection.7.1}{\376\377\000T\000h\000e\000\040\000c\000o\000n\000t\000a\000c\000t\000\040\000o\000p\000e\000r\000a\000t\000i\000o\000n}{section.7}% 24
\BOOKMARK [0][-]{part.3}{\376\377\000I\000I\000I\000\040\000T\000h\000e\000\040\000C\000a\000u\000s\000a\000l\000\040\000P\000r\000o\000p\000a\000g\000a\000t\000i\000o\000n\000\040\000T\000a\000b\000l\000e}{}% 25
\BOOKMARK [1][-]{section.8}{\376\377\000A\000l\000i\000g\000n\000m\000e\000n\000t\000\040\000a\000n\000d\000\040\000a\000c\000c\000o\000u\000n\000t\000a\000b\000i\000l\000i\000t\000y}{part.3}% 26
\BOOKMARK [2][-]{subsection.8.1}{\376\377\000T\000h\000e\000\040\000a\000l\000i\000g\000n\000m\000e\000n\000t\000\040\000f\000u\000n\000c\000t\000i\000o\000n\000a\000l}{section.8}% 27
\BOOKMARK [2][-]{subsection.8.2}{\376\377\000A\000c\000c\000o\000u\000n\000t\000a\000b\000i\000l\000i\000t\000y}{section.8}% 28
\BOOKMARK [1][-]{section.9}{\376\377\000P\000r\000o\000c\000e\000s\000s\000e\000s\000,\000\040\000p\000r\000o\000p\000a\000g\000a\000t\000i\000o\000n\000s\000,\000\040\000a\000n\000d\000\040\000t\000h\000e\000\040\000t\000a\000b\000l\000e}{part.3}% 29
\BOOKMARK [2][-]{subsection.9.1}{\376\377\000T\000h\000e\000\040\000p\000r\000o\000c\000e\000s\000s\000\040\000g\000r\000a\000p\000h}{section.9}% 30
\BOOKMARK [2][-]{subsection.9.2}{\376\377\000C\000o\000n\000v\000e\000r\000g\000e\000n\000c\000e\000\040\000a\000n\000d\000\040\000a\000d\000m\000i\000s\000s\000i\000b\000i\000l\000i\000t\000y}{section.9}% 31
\BOOKMARK [2][-]{subsection.9.3}{\376\377\000P\000a\000t\000h\000\040\000o\000p\000a\000c\000i\000t\000y}{section.9}% 32
\BOOKMARK [2][-]{subsection.9.4}{\376\377\000R\000e\000p\000r\000e\000s\000e\000n\000t\000a\000t\000i\000o\000n\000\040\000m\000o\000b\000i\000l\000i\000t\000y}{section.9}% 33
\BOOKMARK [2][-]{subsection.9.5}{\376\377\000T\000h\000e\000\040\000t\000a\000b\000l\000e}{section.9}% 34
\BOOKMARK [1][-]{section.10}{\376\377\000T\000h\000e\000\040\000r\000e\000s\000t\000i\000n\000g\000\040\000c\000a\000t\000a\000l\000o\000g\000u\000e\000\040\000a\000n\000d\000\040\000t\000h\000e\000\040\000p\000r\000o\000p\000a\000g\000a\000t\000e\000d\000\040\000t\000a\000b\000l\000e}{part.3}% 35
\BOOKMARK [2][-]{subsection.10.1}{\376\377\000T\000h\000e\000\040\000r\000e\000s\000t\000i\000n\000g\000\040\000c\000u\000t}{section.10}% 36
\BOOKMARK [0][-]{part.4}{\376\377\000I\000V\000\040\000T\000h\000e\000\040\000C\000u\000t}{}% 37
\BOOKMARK [1][-]{section.11}{\376\377\000T\000h\000e\000\040\000o\000n\000e\000-\000u\000s\000e\000,\000\040\000s\000e\000l\000f\000-\000b\000l\000u\000n\000t\000i\000n\000g\000\040\000c\000u\000t}{part.4}% 38
\BOOKMARK [1][-]{section.12}{\376\377\000T\000h\000e\000\040\000m\000a\000s\000t\000e\000r\000\040\000e\000q\000u\000i\000v\000a\000l\000e\000n\000c\000e}{part.4}% 39
\BOOKMARK [1][-]{section.13}{\376\377\000D\000i\000s\000c\000u\000s\000s\000i\000o\000n\000\040\000a\000n\000d\000\040\000s\000c\000o\000p\000e}{part.4}% 40
\BOOKMARK [2][-]{subsection.13.1}{\376\377\000W\000h\000a\000t\000\040\000i\000s\000\040\000p\000r\000o\000v\000e\000d\000,\000\040\000a\000n\000d\000\040\000a\000t\000\040\000w\000h\000a\000t\000\040\000l\000e\000v\000e\000l}{section.13}% 41
\BOOKMARK [2][-]{subsection.13.2}{\376\377\000H\000o\000n\000e\000s\000t\000\040\000l\000i\000m\000i\000t\000a\000t\000i\000o\000n\000s}{section.13}% 42
\BOOKMARK [2][-]{subsection.13.3}{\376\377\000T\000h\000e\000\040\000p\000i\000c\000t\000u\000r\000e\000\040\000i\000n\000\040\000o\000n\000e\000\040\000s\000t\000a\000t\000e\000m\000e\000n\000t}{section.13}% 43
\BOOKMARK [1][-]{section.14}{\376\377\000C\000o\000n\000c\000l\000u\000s\000i\000o\000n}{part.4}% 44
