\BOOKMARK [0][-]{part*.2}{\376\377\000P\000a\000r\000t\000\040\0000\000\040\040\024\000\040\000M\000e\000t\000h\000o\000d\000\040\000a\000n\000d\000\040\000N\000o\000t\000a\000t\000i\000o\000n}{}% 1
\BOOKMARK [1][-]{section.1}{\376\377\000G\000o\000a\000l\000\040\000a\000n\000d\000\040\000S\000t\000r\000a\000t\000e\000g\000y}{part*.2}% 2
\BOOKMARK [1][-]{section.2}{\376\377\000T\000h\000e\000\040\000T\000w\000o\000\040\000D\000e\000r\000i\000v\000a\000t\000i\000o\000n\000\040\000R\000o\000u\000t\000e\000s}{part*.2}% 3
\BOOKMARK [2][-]{subsection.2.1}{\376\377\000E\000s\000t\000a\000b\000l\000i\000s\000h\000e\000d\000\040\000M\000e\000t\000h\000o\000d}{section.2}% 4
\BOOKMARK [2][-]{subsection.2.2}{\376\377\000T\000h\000e\000\040\000C\000a\000t\000e\000g\000o\000r\000i\000c\000a\000l\000\040\000S\000p\000e\000c\000t\000r\000o\000m\000e\000t\000e\000r}{section.2}% 5
\BOOKMARK [2][-]{subsection.2.3}{\376\377\000S\000i\000d\000e\000-\000b\000y\000-\000S\000i\000d\000e\000\040\000T\000e\000m\000p\000l\000a\000t\000e}{section.2}% 6
\BOOKMARK [1][-]{section.3}{\376\377\000T\000h\000e\000\040\000B\000o\000u\000n\000d\000e\000d\000\040\000P\000h\000a\000s\000e\000\040\000S\000p\000a\000c\000e\000\040\000A\000x\000i\000o\000m}{part*.2}% 7
\BOOKMARK [1][-]{section.4}{\376\377\000R\000e\000f\000e\000r\000e\000n\000c\000e\000\040\000D\000a\000t\000a\000\040\000S\000o\000u\000r\000c\000e\000s}{part*.2}% 8
\BOOKMARK [1][-]{section.5}{\376\377\000N\000o\000t\000a\000t\000i\000o\000n}{part*.2}% 9
\BOOKMARK [0][-]{part*.3}{\376\377\000P\000a\000r\000t\000\040\000I\000\040\040\024\000\040\000M\000e\000a\000s\000u\000r\000i\000n\000g\000\040\000t\000h\000e\000\040\000H\000y\000d\000r\000o\000g\000e\000n\000\040\000A\000t\000o\000m\000\040\000I\000n\000t\000o\000\040\000E\000x\000i\000s\000t\000e\000n\000c\000e}{}% 10
\BOOKMARK [1][-]{section.6}{\376\377\000L\000y\000m\000a\000n\000\040\000S\000e\000r\000i\000e\000s\000\040\000\050\000U\000V\000\051}{part*.3}% 11
\BOOKMARK [1][-]{section.7}{\376\377\000B\000a\000l\000m\000e\000r\000\040\000S\000e\000r\000i\000e\000s\000\040\000\050\000V\000i\000s\000i\000b\000l\000e\000\051}{part*.3}% 12
\BOOKMARK [1][-]{section.8}{\376\377\000P\000a\000s\000c\000h\000e\000n\000,\000\040\000B\000r\000a\000c\000k\000e\000t\000t\000,\000\040\000a\000n\000d\000\040\000P\000f\000u\000n\000d\000\040\000S\000e\000r\000i\000e\000s}{part*.3}% 13
\BOOKMARK [1][-]{section.9}{\376\377\000H\000y\000p\000e\000r\000f\000i\000n\000e\000\040\0002\0001\000\040\000c\000m\000\040\000L\000i\000n\000e}{part*.3}% 14
\BOOKMARK [1][-]{section.10}{\376\377\000P\000h\000o\000t\000o\000e\000l\000e\000c\000t\000r\000o\000n\000\040\000S\000p\000e\000c\000t\000r\000u\000m}{part*.3}% 15
\BOOKMARK [1][-]{section.11}{\376\377\000F\000i\000n\000e\000\040\000S\000t\000r\000u\000c\000t\000u\000r\000e}{part*.3}% 16
\BOOKMARK [1][-]{section.12}{\376\377\000C\000o\000m\000p\000o\000s\000i\000t\000e\000\040\000H\000y\000d\000r\000o\000g\000e\000n\000\040\000S\000p\000e\000c\000t\000r\000u\000m}{part*.3}% 17
\BOOKMARK [0][-]{part*.5}{\376\377\000P\000a\000r\000t\000\040\000I\000I\000\040\040\024\000\040\000M\000e\000a\000s\000u\000r\000i\000n\000g\000\040\000M\000o\000l\000e\000c\000u\000l\000a\000r\000\040\000H\000y\000d\000r\000o\000g\000e\000n\000\040\000I\000n\000t\000o\000\040\000E\000x\000i\000s\000t\000e\000n\000c\000e}{}% 18
\BOOKMARK [1][-]{section.13}{\376\377\000V\000i\000b\000r\000a\000t\000i\000o\000n\000a\000l\000\040\000F\000u\000n\000d\000a\000m\000e\000n\000t\000a\000l\000\040\000a\000n\000d\000\040\000O\000v\000e\000r\000t\000o\000n\000e\000s}{part*.5}% 19
\BOOKMARK [1][-]{section.14}{\376\377\000P\000u\000r\000e\000\040\000R\000o\000t\000a\000t\000i\000o\000n\000a\000l\000\040\000S\000p\000e\000c\000t\000r\000u\000m}{part*.5}% 20
\BOOKMARK [1][-]{section.15}{\376\377\000R\000o\000-\000v\000i\000b\000r\000a\000t\000i\000o\000n\000a\000l\000\040\000B\000a\000n\000d\000s}{part*.5}% 21
\BOOKMARK [1][-]{section.16}{\376\377\000L\000y\000m\000a\000n\000\040\000a\000n\000d\000\040\000W\000e\000r\000n\000e\000r\000\040\000B\000a\000n\000d\000s\000\040\000\050\000U\000V\000\051}{part*.5}% 22
\BOOKMARK [1][-]{section.17}{\376\377\000R\000a\000m\000a\000n\000\040\000S\000p\000e\000c\000t\000r\000u\000m}{part*.5}% 23
\BOOKMARK [1][-]{section.18}{\376\377\000M\000a\000s\000s\000\040\000S\000p\000e\000c\000t\000r\000u\000m}{part*.5}% 24
\BOOKMARK [1][-]{section.19}{\376\377\000C\000o\000m\000p\000o\000s\000i\000t\000e\000\040\000H\0002\000\040\000S\000p\000e\000c\000t\000r\000u\000m}{part*.5}% 25
\BOOKMARK [0][-]{part*.7}{\376\377\000P\000a\000r\000t\000\040\000I\000I\000I\000\040\040\024\000\040\000M\000e\000a\000s\000u\000r\000i\000n\000g\000\040\000W\000a\000t\000e\000r\000\040\000I\000n\000t\000o\000\040\000E\000x\000i\000s\000t\000e\000n\000c\000e}{}% 26
\BOOKMARK [1][-]{section.20}{\376\377\000V\000i\000b\000r\000a\000t\000i\000o\000n\000a\000l\000\040\000F\000u\000n\000d\000a\000m\000e\000n\000t\000a\000l\000s}{part*.7}% 27
\BOOKMARK [1][-]{section.21}{\376\377\000V\000i\000b\000r\000a\000t\000i\000o\000n\000a\000l\000\040\000O\000v\000e\000r\000t\000o\000n\000e\000s\000\040\000a\000n\000d\000\040\000C\000o\000m\000b\000i\000n\000a\000t\000i\000o\000n\000s}{part*.7}% 28
\BOOKMARK [1][-]{section.22}{\376\377\000P\000u\000r\000e\000\040\000R\000o\000t\000a\000t\000i\000o\000n\000a\000l\000\040\000S\000p\000e\000c\000t\000r\000u\000m\000\040\000\050\000A\000s\000y\000m\000m\000e\000t\000r\000i\000c\000\040\000T\000o\000p\000\051}{part*.7}% 29
\BOOKMARK [1][-]{section.23}{\376\377\000R\000a\000m\000a\000n\000\040\000S\000p\000e\000c\000t\000r\000u\000m}{part*.7}% 30
\BOOKMARK [1][-]{section.24}{\376\377\000E\000l\000e\000c\000t\000r\000o\000n\000i\000c\000\040\000U\000V}{part*.7}% 31
\BOOKMARK [1][-]{section.25}{\376\377\0001\000H\000\040\000N\000M\000R}{part*.7}% 32
\BOOKMARK [1][-]{section.26}{\376\377\000P\000h\000o\000t\000o\000e\000l\000e\000c\000t\000r\000o\000n\000\040\000S\000p\000e\000c\000t\000r\000u\000m}{part*.7}% 33
\BOOKMARK [1][-]{section.27}{\376\377\000M\000a\000s\000s\000\040\000S\000p\000e\000c\000t\000r\000u\000m}{part*.7}% 34
\BOOKMARK [1][-]{section.28}{\376\377\000C\000o\000m\000p\000o\000s\000i\000t\000e\000\040\000H\0002\000O\000\040\000S\000p\000e\000c\000t\000r\000u\000m}{part*.7}% 35
\BOOKMARK [0][-]{part*.9}{\376\377\000P\000a\000r\000t\000\040\000I\000V\000\040\040\024\000\040\000M\000e\000t\000h\000o\000d\000s}{}% 36
\BOOKMARK [1][-]{section.29}{\376\377\000M\000e\000a\000s\000u\000r\000e\000m\000e\000n\000t\000\040\000P\000r\000o\000t\000o\000c\000o\000l\000\040\000O\000v\000e\000r\000v\000i\000e\000w}{part*.9}% 37
\BOOKMARK [2][-]{subsection.29.1}{\376\377\000T\000h\000e\000\040\000`\000`\000M\000e\000a\000s\000u\000r\000e\000d\000\040\000I\000n\000t\000o\000\040\000E\000x\000i\000s\000t\000e\000n\000c\000e\000'\000'\000\040\000F\000r\000a\000m\000i\000n\000g}{section.29}% 38
\BOOKMARK [1][-]{section.30}{\376\377\000F\000o\000u\000n\000d\000a\000t\000i\000o\000n\000a\000l\000\040\000D\000e\000r\000i\000v\000a\000t\000i\000o\000n\000s}{part*.9}% 39
\BOOKMARK [2][-]{subsection.30.1}{\376\377\000E\000n\000e\000r\000g\000y\000-\000S\000h\000e\000l\000l\000\040\000F\000o\000r\000m\000u\000l\000a\000\040\000E\000n\000\040\000=\000\040\000-\000R\000\040\000h\000c\000\040\000/\000\040\000n\0002}{section.30}% 40
\BOOKMARK [2][-]{subsection.30.2}{\376\377\000C\000a\000p\000a\000c\000i\000t\000y\000\040\000F\000o\000r\000m\000u\000l\000a\000\040\000C\000\050\000n\000\051\000\040\000=\000\040\0002\000n\0002}{section.30}% 41
\BOOKMARK [2][-]{subsection.30.3}{\376\377\000M\000u\000l\000t\000i\000-\000M\000o\000d\000a\000l\000\040\000C\000o\000m\000m\000u\000t\000a\000t\000i\000o\000n}{section.30}% 42
\BOOKMARK [1][-]{section.31}{\376\377\000D\000e\000t\000a\000i\000l\000e\000d\000\040\000P\000r\000o\000t\000o\000c\000o\000l\000\040\000p\000e\000r\000\040\000S\000y\000s\000t\000e\000m}{part*.9}% 43
\BOOKMARK [2][-]{subsection.31.1}{\376\377\000H\000y\000d\000r\000o\000g\000e\000n\000\040\000A\000t\000o\000m}{section.31}% 44
\BOOKMARK [2][-]{subsection.31.2}{\376\377\000M\000o\000l\000e\000c\000u\000l\000a\000r\000\040\000H\000y\000d\000r\000o\000g\000e\000n}{section.31}% 45
\BOOKMARK [2][-]{subsection.31.3}{\376\377\000W\000a\000t\000e\000r}{section.31}% 46
\BOOKMARK [1][-]{section.32}{\376\377\000C\000r\000o\000s\000s\000-\000V\000a\000l\000i\000d\000a\000t\000i\000o\000n\000\040\000T\000a\000b\000l\000e\000s}{part*.9}% 47
\BOOKMARK [1][-]{section.33}{\376\377\000E\000r\000r\000o\000r\000\040\000A\000n\000a\000l\000y\000s\000i\000s}{part*.9}% 48
\BOOKMARK [2][-]{subsection.33.1}{\376\377\000A\000g\000g\000r\000e\000g\000a\000t\000e\000\040\000P\000r\000e\000c\000i\000s\000i\000o\000n}{section.33}% 49
\BOOKMARK [2][-]{subsection.33.2}{\376\377\000S\000y\000s\000t\000e\000m\000a\000t\000i\000c\000\040\000v\000s\000\040\000S\000t\000a\000t\000i\000s\000t\000i\000c\000a\000l\000\040\000C\000o\000m\000p\000o\000n\000e\000n\000t\000s}{section.33}% 50
\BOOKMARK [2][-]{subsection.33.3}{\376\377\000Z\000e\000r\000o\000\040\000A\000d\000j\000u\000s\000t\000a\000b\000l\000e\000\040\000P\000a\000r\000a\000m\000e\000t\000e\000r\000s}{section.33}% 51
\BOOKMARK [1][-]{section.34}{\376\377\000N\000u\000m\000e\000r\000i\000c\000a\000l\000\040\000I\000m\000p\000l\000e\000m\000e\000n\000t\000a\000t\000i\000o\000n}{part*.9}% 52
\BOOKMARK [0][-]{part*.13}{\376\377\000P\000a\000r\000t\000\040\000V\000\040\040\024\000\040\000C\000r\000o\000s\000s\000-\000S\000y\000s\000t\000e\000m\000\040\000D\000i\000s\000c\000u\000s\000s\000i\000o\000n}{}% 53
\BOOKMARK [1][-]{section.35}{\376\377\000C\000r\000o\000s\000s\000-\000M\000o\000d\000a\000l\000i\000t\000y\000\040\000V\000a\000l\000i\000d\000a\000t\000i\000o\000n}{part*.13}% 54
\BOOKMARK [1][-]{section.36}{\376\377\000W\000h\000e\000r\000e\000\040\000t\000h\000e\000\040\000T\000w\000o\000\040\000R\000o\000u\000t\000e\000s\000\040\000D\000i\000f\000f\000e\000r\000\040\000i\000n\000\040\000I\000n\000t\000e\000r\000p\000r\000e\000t\000a\000t\000i\000o\000n}{part*.13}% 55
\BOOKMARK [1][-]{section.37}{\376\377\000R\000e\000p\000r\000o\000d\000u\000c\000i\000b\000i\000l\000i\000t\000y}{part*.13}% 56
\BOOKMARK [1][-]{section.38}{\376\377\000F\000a\000l\000s\000i\000f\000i\000c\000a\000t\000i\000o\000n\000\040\000C\000o\000n\000d\000i\000t\000i\000o\000n\000s}{part*.13}% 57
\BOOKMARK [1][-]{section*.16}{\376\377\000C\000o\000n\000c\000l\000u\000s\000i\000o\000n}{part*.13}% 58
