\BOOKMARK [0][-]{part*.3}{\376\377\000P\000a\000r\000t\000\040\0000\000\040\040\024\000\040\000I\000n\000t\000r\000o\000d\000u\000c\000t\000i\000o\000n\000\040\000a\000n\000d\000\040\000S\000t\000r\000a\000t\000e\000g\000y}{}% 1
\BOOKMARK [1][-]{section.1}{\376\377\000T\000h\000e\000\040\000M\000e\000a\000s\000u\000r\000e\000m\000e\000n\000t\000\040\000P\000r\000o\000b\000l\000e\000m}{part*.3}% 2
\BOOKMARK [1][-]{section.2}{\376\377\000W\000h\000y\000\040\000a\000\040\000S\000i\000n\000g\000l\000e\000-\000T\000i\000e\000r\000\040\000A\000r\000c\000h\000i\000t\000e\000c\000t\000u\000r\000e\000\040\000I\000s\000\040\000I\000n\000s\000u\000f\000f\000i\000c\000i\000e\000n\000t}{part*.3}% 3
\BOOKMARK [1][-]{section.3}{\376\377\000O\000u\000t\000l\000i\000n\000e}{part*.3}% 4
\BOOKMARK [0][-]{part.1}{\376\377\000I\000\040\000F\000o\000u\000n\000d\000a\000t\000i\000o\000n\000s}{}% 5
\BOOKMARK [1][-]{section.4}{\376\377\000T\000h\000e\000\040\000B\000o\000u\000n\000d\000e\000d\000\040\000P\000h\000a\000s\000e\000\040\000S\000p\000a\000c\000e\000\040\000A\000x\000i\000o\000m}{part.1}% 6
\BOOKMARK [1][-]{section.5}{\376\377\000O\000s\000c\000i\000l\000l\000a\000t\000o\000r\000y\000\040\000N\000e\000c\000e\000s\000s\000i\000t\000y}{part.1}% 7
\BOOKMARK [1][-]{section.6}{\376\377\000P\000a\000r\000t\000i\000t\000i\000o\000n\000\040\000C\000o\000o\000r\000d\000i\000n\000a\000t\000e\000s}{part.1}% 8
\BOOKMARK [1][-]{section.7}{\376\377\000T\000r\000i\000p\000l\000e\000\040\000E\000q\000u\000i\000v\000a\000l\000e\000n\000c\000e}{part.1}% 9
\BOOKMARK [1][-]{section.8}{\376\377\000E\000n\000t\000r\000o\000p\000y\000\040\000C\000o\000o\000r\000d\000i\000n\000a\000t\000e\000s\000\040\000a\000n\000d\000\040\000T\000e\000r\000n\000a\000r\000y\000\040\000E\000n\000c\000o\000d\000i\000n\000g}{part.1}% 10
\BOOKMARK [1][-]{section.9}{\376\377\000C\000r\000o\000s\000s\000-\000A\000x\000i\000s\000\040\000C\000o\000m\000p\000o\000s\000i\000t\000i\000o\000n\000\040\000\050\000R\000i\000t\000z\000\040\000C\000o\000m\000b\000i\000n\000a\000t\000i\000o\000n\000s\000\051}{part.1}% 11
\BOOKMARK [0][-]{part.2}{\376\377\000I\000I\000\040\000T\000h\000e\000\040\000C\000a\000t\000e\000g\000o\000r\000i\000c\000a\000l\000\040\000S\000p\000e\000c\000t\000r\000o\000m\000e\000t\000e\000r}{}% 12
\BOOKMARK [1][-]{section.10}{\376\377\000D\000e\000f\000i\000n\000i\000n\000g\000\040\000t\000h\000e\000\040\000C\000a\000t\000e\000g\000o\000r\000i\000c\000a\000l\000\040\000S\000p\000e\000c\000t\000r\000o\000m\000e\000t\000e\000r}{part.2}% 13
\BOOKMARK [1][-]{section.11}{\376\377\000M\000a\000p\000p\000i\000n\000g\000\040\000H\000a\000r\000d\000w\000a\000r\000e\000\040\000O\000s\000c\000i\000l\000l\000a\000t\000o\000r\000s\000\040\000t\000o\000\040\000P\000a\000r\000t\000i\000t\000i\000o\000n\000\040\000C\000o\000o\000r\000d\000i\000n\000a\000t\000e\000s}{part.2}% 14
\BOOKMARK [0][-]{part.3}{\376\377\000I\000I\000I\000\040\000T\000i\000e\000r\000\040\0001\000:\000\040\000T\000h\000e\000\040\000S\000i\000n\000g\000l\000e\000-\000P\000r\000o\000j\000e\000c\000t\000i\000o\000n\000\040\000C\000a\000t\000e\000g\000o\000r\000i\000c\000a\000l\000\040\000S\000p\000e\000c\000t\000r\000o\000m\000e\000t\000e\000r}{}% 15
\BOOKMARK [1][-]{section.12}{\376\377\000S\000i\000n\000g\000l\000e\000-\000S\000h\000o\000t\000\040\000M\000e\000a\000s\000u\000r\000e\000m\000e\000n\000t\000\040\000P\000r\000o\000t\000o\000c\000o\000l}{part.3}% 16
\BOOKMARK [1][-]{section.13}{\376\377\000L\000i\000m\000i\000t\000a\000t\000i\000o\000n\000s\000\040\000o\000f\000\040\000S\000i\000n\000g\000l\000e\000-\000S\000h\000o\000t\000\040\000M\000e\000a\000s\000u\000r\000e\000m\000e\000n\000t}{part.3}% 17
\BOOKMARK [0][-]{part.4}{\376\377\000I\000V\000\040\000T\000i\000e\000r\000\040\0002\000:\000\040\000E\000n\000s\000e\000m\000b\000l\000e\000\040\000L\000o\000o\000p\000\040\000w\000i\000t\000h\000\040\000A\000u\000t\000o\000c\000a\000t\000a\000l\000y\000t\000i\000c\000\040\000A\000v\000e\000r\000a\000g\000i\000n\000g}{}% 18
\BOOKMARK [1][-]{section.14}{\376\377\000T\000h\000e\000\040\000E\000n\000s\000e\000m\000b\000l\000e\000\040\000P\000r\000o\000t\000o\000c\000o\000l}{part.4}% 19
\BOOKMARK [1][-]{section.15}{\376\377\000A\000u\000t\000o\000c\000a\000t\000a\000l\000y\000t\000i\000c\000\040\000S\000i\000g\000n\000a\000l\000-\000t\000o\000-\000N\000o\000i\000s\000e\000\040\000T\000h\000e\000o\000r\000e\000m}{part.4}% 20
\BOOKMARK [0][-]{part.5}{\376\377\000V\000\040\000T\000i\000e\000r\000\040\0003\000:\000\040\000R\000e\000c\000u\000r\000s\000i\000v\000e\000\040\000T\000e\000r\000n\000a\000r\000y\000\040\000D\000e\000p\000t\000h}{}% 21
\BOOKMARK [1][-]{section.16}{\376\377\000T\000h\000e\000\040\000R\000e\000c\000u\000r\000s\000i\000v\000e\000\040\000D\000e\000p\000t\000h\000\040\000P\000r\000o\000t\000o\000c\000o\000l}{part.5}% 22
\BOOKMARK [1][-]{section.17}{\376\377\000C\000o\000n\000v\000e\000r\000g\000e\000n\000c\000e\000\040\000w\000i\000t\000h\000\040\000D\000e\000p\000t\000h}{part.5}% 23
\BOOKMARK [0][-]{part.6}{\376\377\000V\000I\000\040\000T\000i\000e\000r\000\040\0004\000:\000\040\000C\000o\000n\000v\000e\000r\000t\000i\000b\000l\000e\000\040\000R\000e\000c\000u\000r\000s\000i\000v\000e\000\040\000S\000t\000r\000o\000b\000e\000s}{}% 24
\BOOKMARK [1][-]{section.18}{\376\377\000E\000m\000i\000s\000s\000i\000o\000n\000\040\000a\000n\000d\000\040\000A\000b\000s\000o\000r\000p\000t\000i\000o\000n\000\040\000S\000t\000r\000o\000b\000e\000s}{part.6}% 25
\BOOKMARK [1][-]{section.19}{\376\377\000T\000r\000i\000p\000l\000e\000\040\000C\000o\000n\000v\000e\000r\000t\000i\000b\000i\000l\000i\000t\000y}{part.6}% 26
\BOOKMARK [1][-]{section.20}{\376\377\000T\000h\000e\000\040\000T\000i\000e\000r\000-\0004\000\040\000C\000o\000m\000p\000o\000s\000i\000t\000e\000\040\000P\000r\000o\000t\000o\000c\000o\000l}{part.6}% 27
\BOOKMARK [0][-]{part.7}{\376\377\000V\000I\000I\000\040\000M\000e\000t\000h\000o\000d\000s}{}% 28
\BOOKMARK [1][-]{section.21}{\376\377\000P\000h\000y\000s\000i\000c\000a\000l\000\040\000R\000e\000a\000l\000i\000s\000a\000t\000i\000o\000n\000\040\000i\000n\000\040\000C\000o\000m\000m\000o\000d\000i\000t\000y\000\040\000H\000a\000r\000d\000w\000a\000r\000e}{part.7}% 29
\BOOKMARK [1][-]{section.22}{\376\377\000S\000t\000e\000p\000-\000b\000y\000-\000S\000t\000e\000p\000\040\000M\000e\000a\000s\000u\000r\000e\000m\000e\000n\000t\000\040\000P\000r\000o\000t\000o\000c\000o\000l}{part.7}% 30
\BOOKMARK [1][-]{section.23}{\376\377\000C\000a\000l\000i\000b\000r\000a\000t\000i\000o\000n}{part.7}% 31
\BOOKMARK [1][-]{section.24}{\376\377\000S\000e\000l\000f\000-\000V\000a\000l\000i\000d\000a\000t\000i\000o\000n\000\040\000C\000h\000a\000n\000n\000e\000l\000s}{part.7}% 32
\BOOKMARK [1][-]{section.25}{\376\377\000R\000e\000s\000o\000u\000r\000c\000e\000\040\000R\000e\000q\000u\000i\000r\000e\000m\000e\000n\000t\000s}{part.7}% 33
\BOOKMARK [1][-]{section.26}{\376\377\000F\000a\000l\000s\000i\000f\000i\000c\000a\000t\000i\000o\000n\000\040\000C\000o\000n\000d\000i\000t\000i\000o\000n\000s}{part.7}% 34
\BOOKMARK [0][-]{part.8}{\376\377\000V\000I\000I\000I\000\040\000V\000a\000l\000i\000d\000a\000t\000i\000o\000n\000\040\000E\000x\000p\000e\000r\000i\000m\000e\000n\000t\000s}{}% 35
\BOOKMARK [1][-]{section.27}{\376\377\000T\000e\000s\000t\000\040\000S\000e\000t}{part.8}% 36
\BOOKMARK [1][-]{section.28}{\376\377\000T\000i\000e\000r\000-\000b\000y\000-\000T\000i\000e\000r\000\040\000P\000r\000e\000c\000i\000s\000i\000o\000n}{part.8}% 37
\BOOKMARK [1][-]{section.29}{\376\377\000R\000e\000c\000u\000r\000s\000i\000v\000e\000\040\000D\000e\000p\000t\000h\000\040\000C\000o\000n\000v\000e\000r\000g\000e\000n\000c\000e}{part.8}% 38
\BOOKMARK [1][-]{section.30}{\376\377\000C\000r\000o\000s\000s\000-\000A\000x\000i\000s\000\040\000R\000i\000t\000z\000\040\000C\000o\000m\000b\000i\000n\000a\000t\000i\000o\000n\000s}{part.8}% 39
\BOOKMARK [1][-]{section.31}{\376\377\000T\000r\000i\000p\000l\000e\000-\000C\000o\000n\000v\000e\000r\000t\000i\000b\000i\000l\000i\000t\000y\000\040\000R\000o\000u\000n\000d\000\040\000T\000r\000i\000p\000s}{part.8}% 40
\BOOKMARK [1][-]{section.32}{\376\377\000M\000u\000t\000u\000a\000l\000-\000E\000x\000c\000l\000u\000s\000i\000o\000n\000\040\000V\000i\000o\000l\000a\000t\000i\000o\000n}{part.8}% 41
\BOOKMARK [1][-]{section.33}{\376\377\000A\000g\000g\000r\000e\000g\000a\000t\000e\000\040\000V\000a\000l\000i\000d\000a\000t\000i\000o\000n}{part.8}% 42
\BOOKMARK [0][-]{part.9}{\376\377\000I\000X\000\040\000S\000t\000r\000o\000b\000e\000\040\000I\000n\000s\000t\000r\000u\000m\000e\000n\000t\000a\000t\000i\000o\000n\000\040\000V\000a\000l\000i\000d\000a\000t\000i\000o\000n}{}% 43
\BOOKMARK [1][-]{section.34}{\376\377\000R\000a\000w\000\040\000C\000o\000u\000n\000t\000e\000r\000\040\000D\000a\000t\000a}{part.9}% 44
\BOOKMARK [1][-]{section.35}{\376\377\000T\000i\000m\000i\000n\000g\000\040\000D\000i\000a\000g\000r\000a\000m\000s}{part.9}% 45
\BOOKMARK [1][-]{section.36}{\376\377\000C\000r\000o\000s\000s\000-\000T\000a\000l\000k\000\040\000S\000c\000a\000n}{part.9}% 46
\BOOKMARK [1][-]{section.37}{\376\377\000A\000l\000l\000a\000n\000\040\000V\000a\000r\000i\000a\000n\000c\000e}{part.9}% 47
\BOOKMARK [1][-]{section.38}{\376\377\000S\000y\000n\000c\000h\000r\000o\000n\000i\000s\000a\000t\000i\000o\000n\000\040\000J\000i\000t\000t\000e\000r}{part.9}% 48
\BOOKMARK [1][-]{section.39}{\376\377\000G\000a\000t\000e\000-\000W\000a\000v\000e\000f\000o\000r\000m\000\040\000P\000u\000r\000i\000t\000y}{part.9}% 49
\BOOKMARK [1][-]{section.40}{\376\377\000A\000g\000g\000r\000e\000g\000a\000t\000e\000\040\000S\000t\000r\000o\000b\000e\000-\000I\000n\000s\000t\000r\000u\000m\000e\000n\000t\000a\000t\000i\000o\000n\000\040\000V\000a\000l\000i\000d\000a\000t\000i\000o\000n}{part.9}% 50
\BOOKMARK [0][-]{part.10}{\376\377\000X\000\040\000D\000i\000s\000c\000u\000s\000s\000i\000o\000n}{}% 51
\BOOKMARK [1][-]{section.41}{\376\377\000C\000o\000m\000p\000a\000r\000i\000s\000o\000n\000\040\000w\000i\000t\000h\000\040\000C\000o\000n\000v\000e\000n\000t\000i\000o\000n\000a\000l\000\040\000S\000p\000e\000c\000t\000r\000o\000m\000e\000t\000e\000r\000s}{part.10}% 52
\BOOKMARK [1][-]{section.42}{\376\377\000L\000i\000m\000i\000t\000a\000t\000i\000o\000n\000s}{part.10}% 53
\BOOKMARK [1][-]{section.43}{\376\377\000C\000o\000m\000p\000a\000r\000i\000s\000o\000n\000\040\000w\000i\000t\000h\000\040\000B\000a\000y\000e\000s\000i\000a\000n\000\040\000E\000s\000t\000i\000m\000a\000t\000i\000o\000n}{part.10}% 54
\BOOKMARK [1][-]{section.44}{\376\377\000E\000x\000t\000e\000n\000s\000i\000o\000n\000s}{part.10}% 55
\BOOKMARK [1][-]{section*.26}{\376\377\000C\000o\000n\000c\000l\000u\000s\000i\000o\000n}{part.10}% 56
\BOOKMARK [1][-]{appendix.A}{\376\377\000N\000o\000t\000a\000t\000i\000o\000n\000\040\000S\000u\000m\000m\000a\000r\000y}{part.10}% 57
\BOOKMARK [1][-]{appendix.B}{\376\377\000R\000e\000f\000e\000r\000e\000n\000c\000e\000\040\000H\000a\000r\000d\000w\000a\000r\000e\000\040\000M\000a\000p\000p\000i\000n\000g}{part.10}% 58
\BOOKMARK [1][-]{appendix.C}{\376\377\000V\000a\000l\000i\000d\000a\000t\000i\000o\000n\000\040\000T\000e\000s\000t\000\040\000S\000e\000t}{part.10}% 59
\BOOKMARK [1][-]{appendix.D}{\376\377\000N\000u\000m\000e\000r\000i\000c\000a\000l\000\040\000I\000m\000p\000l\000e\000m\000e\000n\000t\000a\000t\000i\000o\000n\000\040\000P\000s\000e\000u\000d\000o\000c\000o\000d\000e}{part.10}% 60
