\BOOKMARK [0][-]{part.1}{\376\377\000I\000\040\000F\000o\000u\000n\000d\000a\000t\000i\000o\000n\000s}{}% 1
\BOOKMARK [1][-]{section.1}{\376\377\000I\000n\000t\000r\000o\000d\000u\000c\000t\000i\000o\000n}{part.1}% 2
\BOOKMARK [2][-]{subsection.1.1}{\376\377\000T\000h\000e\000\040\000T\000i\000c\000k\000i\000n\000g\000\040\000P\000r\000o\000b\000l\000e\000m}{section.1}% 3
\BOOKMARK [2][-]{subsection.1.2}{\376\377\000F\000r\000o\000m\000\040\000A\000t\000o\000m\000s\000\040\000t\000o\000\040\000M\000o\000l\000e\000c\000u\000l\000e\000s}{section.1}% 4
\BOOKMARK [2][-]{subsection.1.3}{\376\377\000S\000c\000o\000p\000e}{section.1}% 5
\BOOKMARK [2][-]{subsection.1.4}{\376\377\000P\000a\000p\000e\000r\000\040\000S\000t\000r\000u\000c\000t\000u\000r\000e}{section.1}% 6
\BOOKMARK [1][-]{section.2}{\376\377\000B\000o\000u\000n\000d\000e\000d\000\040\000P\000h\000a\000s\000e\000\040\000S\000p\000a\000c\000e\000\040\000R\000e\000c\000a\000p}{part.1}% 7
\BOOKMARK [2][-]{subsection.2.1}{\376\377\000T\000h\000e\000\040\000A\000x\000i\000o\000m}{section.2}% 8
\BOOKMARK [2][-]{subsection.2.2}{\376\377\000O\000s\000c\000i\000l\000l\000a\000t\000o\000r\000y\000\040\000N\000e\000c\000e\000s\000s\000i\000t\000y\000\040\000a\000n\000d\000\040\000P\000a\000r\000t\000i\000t\000i\000o\000n\000\040\000C\000o\000o\000r\000d\000i\000n\000a\000t\000e\000s}{section.2}% 9
\BOOKMARK [2][-]{subsection.2.3}{\376\377\000T\000h\000e\000\040\000T\000r\000i\000p\000l\000e\000\040\000E\000q\000u\000i\000v\000a\000l\000e\000n\000c\000e\000\040\000T\000h\000e\000o\000r\000e\000m}{section.2}% 10
\BOOKMARK [2][-]{subsection.2.4}{\376\377\000T\000h\000e\000\040\000C\000o\000m\000m\000u\000t\000a\000t\000i\000o\000n\000\040\000T\000h\000e\000o\000r\000e\000m}{section.2}% 11
\BOOKMARK [2][-]{subsection.2.5}{\376\377\000S\000-\000E\000n\000t\000r\000o\000p\000y\000\040\000C\000o\000o\000r\000d\000i\000n\000a\000t\000e\000\040\000S\000p\000a\000c\000e}{section.2}% 12
\BOOKMARK [0][-]{part.2}{\376\377\000I\000I\000\040\000T\000h\000e\000\040\000M\000o\000l\000e\000c\000u\000l\000a\000r\000\040\000T\000i\000c\000k}{}% 13
\BOOKMARK [1][-]{section.3}{\376\377\000T\000h\000e\000\040\000A\000b\000s\000o\000r\000p\000t\000i\000o\000n\000-\000E\000m\000i\000s\000s\000i\000o\000n\000\040\000I\000n\000t\000e\000r\000v\000a\000l\000\040\000a\000s\000\040\000P\000h\000y\000s\000i\000c\000a\000l\000\040\000T\000i\000c\000k}{part.2}% 14
\BOOKMARK [2][-]{subsection.3.1}{\376\377\000S\000p\000o\000n\000t\000a\000n\000e\000o\000u\000s\000\040\000E\000m\000i\000s\000s\000i\000o\000n\000\040\000a\000s\000\040\000C\000a\000t\000e\000g\000o\000r\000i\000c\000a\000l\000\040\000R\000e\000t\000u\000r\000n}{section.3}% 15
\BOOKMARK [2][-]{subsection.3.2}{\376\377\000T\000h\000e\000\040\000T\000i\000c\000k\000\040\000R\000a\000t\000e\000\040\000a\000s\000\040\000C\000a\000t\000e\000g\000o\000r\000i\000c\000a\000l\000\040\000A\000c\000t\000u\000a\000l\000i\000z\000a\000t\000i\000o\000n\000\040\000R\000a\000t\000e}{section.3}% 16
\BOOKMARK [2][-]{subsection.3.3}{\376\377\000T\000h\000e\000\040\000A\000b\000s\000o\000r\000p\000t\000i\000o\000n\000-\000E\000m\000i\000s\000s\000i\000o\000n\000\040\000C\000y\000c\000l\000e\000\040\000i\000n\000\040\000S\000-\000E\000n\000t\000r\000o\000p\000y\000\040\000S\000p\000a\000c\000e}{section.3}% 17
\BOOKMARK [1][-]{section.4}{\376\377\000N\000e\000s\000t\000e\000d\000\040\000T\000i\000c\000k\000\040\000H\000i\000e\000r\000a\000r\000c\000h\000y}{part.2}% 18
\BOOKMARK [2][-]{subsection.4.1}{\376\377\000M\000u\000l\000t\000i\000p\000l\000e\000\040\000E\000m\000i\000s\000s\000i\000o\000n\000\040\000L\000i\000f\000e\000t\000i\000m\000e\000s}{section.4}% 19
\BOOKMARK [2][-]{subsection.4.2}{\376\377\000T\000r\000e\000e\000\040\000S\000t\000r\000u\000c\000t\000u\000r\000e\000\040\000f\000r\000o\000m\000\040\000T\000i\000c\000k\000\040\000N\000e\000s\000t\000i\000n\000g}{section.4}% 20
\BOOKMARK [2][-]{subsection.4.3}{\376\377\000P\000a\000r\000t\000i\000t\000i\000o\000n\000\040\000D\000e\000p\000t\000h\000\040\000f\000r\000o\000m\000\040\000T\000i\000c\000k\000\040\000R\000a\000t\000i\000o\000s}{section.4}% 21
\BOOKMARK [2][-]{subsection.4.4}{\376\377\000E\000x\000a\000m\000p\000l\000e\000:\000\040\000T\000h\000e\000\040\000T\000i\000c\000k\000\040\000T\000r\000e\000e\000\040\000o\000f\000\040\000W\000a\000t\000e\000r}{section.4}% 22
\BOOKMARK [0][-]{part.3}{\376\377\000I\000I\000I\000\040\000F\000r\000o\000m\000\040\000T\000r\000e\000e\000s\000\040\000t\000o\000\040\000N\000e\000t\000w\000o\000r\000k\000s}{}% 23
\BOOKMARK [1][-]{section.5}{\376\377\000H\000a\000r\000m\000o\000n\000i\000c\000\040\000P\000r\000o\000x\000i\000m\000i\000t\000y\000\040\000a\000n\000d\000\040\000N\000e\000t\000w\000o\000r\000k\000\040\000F\000o\000r\000m\000a\000t\000i\000o\000n}{part.3}% 24
\BOOKMARK [2][-]{subsection.5.1}{\376\377\000H\000a\000r\000m\000o\000n\000i\000c\000\040\000P\000r\000o\000x\000i\000m\000i\000t\000y}{section.5}% 25
\BOOKMARK [2][-]{subsection.5.2}{\376\377\000H\000a\000r\000m\000o\000n\000i\000c\000\040\000E\000d\000g\000e\000\040\000F\000o\000r\000m\000a\000t\000i\000o\000n}{section.5}% 26
\BOOKMARK [2][-]{subsection.5.3}{\376\377\000T\000h\000e\000\040\000H\000a\000r\000m\000o\000n\000i\000c\000\040\000M\000o\000l\000e\000c\000u\000l\000a\000r\000\040\000N\000e\000t\000w\000o\000r\000k}{section.5}% 27
\BOOKMARK [1][-]{section.6}{\376\377\000C\000l\000o\000s\000e\000d\000\040\000L\000o\000o\000p\000s\000\040\000a\000n\000d\000\040\000L\000i\000g\000h\000t\000\040\000C\000i\000r\000c\000u\000l\000a\000t\000i\000o\000n}{part.3}% 28
\BOOKMARK [2][-]{subsection.6.1}{\376\377\000L\000o\000o\000p\000\040\000E\000x\000i\000s\000t\000e\000n\000c\000e}{section.6}% 29
\BOOKMARK [2][-]{subsection.6.2}{\376\377\000C\000i\000r\000c\000u\000l\000a\000t\000i\000o\000n}{section.6}% 30
\BOOKMARK [2][-]{subsection.6.3}{\376\377\000V\000i\000r\000t\000u\000a\000l\000\040\000R\000e\000s\000o\000n\000a\000n\000t\000\040\000C\000a\000v\000i\000t\000i\000e\000s}{section.6}% 31
\BOOKMARK [2][-]{subsection.6.4}{\376\377\000C\000o\000n\000s\000t\000r\000u\000c\000t\000i\000v\000e\000\040\000I\000n\000t\000e\000r\000f\000e\000r\000e\000n\000c\000e\000\040\000C\000o\000n\000d\000i\000t\000i\000o\000n}{section.6}% 32
\BOOKMARK [1][-]{section.7}{\376\377\000S\000e\000l\000f\000-\000C\000l\000o\000c\000k\000i\000n\000g\000\040\000a\000n\000d\000\040\000S\000e\000l\000f\000-\000V\000a\000l\000i\000d\000a\000t\000i\000o\000n}{part.3}% 33
\BOOKMARK [2][-]{subsection.7.1}{\376\377\000S\000e\000l\000f\000-\000C\000l\000o\000c\000k\000i\000n\000g}{section.7}% 34
\BOOKMARK [2][-]{subsection.7.2}{\376\377\000S\000e\000l\000f\000-\000V\000a\000l\000i\000d\000a\000t\000i\000o\000n}{section.7}% 35
\BOOKMARK [2][-]{subsection.7.3}{\376\377\000E\000n\000t\000r\000y\000\040\000f\000r\000o\000m\000\040\000A\000n\000y\000\040\000N\000o\000d\000e}{section.7}% 36
\BOOKMARK [0][-]{part.4}{\376\377\000I\000V\000\040\000V\000a\000l\000i\000d\000a\000t\000i\000o\000n}{}% 37
\BOOKMARK [1][-]{section.8}{\376\377\000M\000o\000l\000e\000c\000u\000l\000a\000r\000\040\000T\000e\000s\000t\000\040\000S\000u\000i\000t\000e}{part.4}% 38
\BOOKMARK [2][-]{subsection.8.1}{\376\377\000H\0002\000\040\000\050\000D\000i\000a\000t\000o\000m\000i\000c\000,\000\040\0001\000\040\000v\000i\000b\000r\000a\000t\000i\000o\000n\000a\000l\000\040\000m\000o\000d\000e\000\051}{section.8}% 39
\BOOKMARK [2][-]{subsection.8.2}{\376\377\000C\000O\000\040\000\050\000D\000i\000a\000t\000o\000m\000i\000c\000,\000\040\0001\000\040\000v\000i\000b\000r\000a\000t\000i\000o\000n\000a\000l\000\040\000m\000o\000d\000e\000\040\000+\000\040\000r\000o\000t\000a\000t\000i\000o\000n\000a\000l\000\051}{section.8}% 40
\BOOKMARK [2][-]{subsection.8.3}{\376\377\000H\0002\000O\000\040\000\050\000N\000o\000n\000l\000i\000n\000e\000a\000r\000\040\000t\000r\000i\000a\000t\000o\000m\000i\000c\000,\000\040\0003\000\040\000v\000i\000b\000r\000a\000t\000i\000o\000n\000a\000l\000\040\000m\000o\000d\000e\000s\000\051}{section.8}% 41
\BOOKMARK [2][-]{subsection.8.4}{\376\377\000C\000O\0002\000\040\000\050\000L\000i\000n\000e\000a\000r\000\040\000t\000r\000i\000a\000t\000o\000m\000i\000c\000,\000\040\0004\000\040\000v\000i\000b\000r\000a\000t\000i\000o\000n\000a\000l\000\040\000m\000o\000d\000e\000s\000\051}{section.8}% 42
\BOOKMARK [2][-]{subsection.8.5}{\376\377\000C\000H\0004\000\040\000\050\000T\000e\000t\000r\000a\000h\000e\000d\000r\000a\000l\000,\000\040\0004\000\040\000d\000i\000s\000t\000i\000n\000c\000t\000\040\000v\000i\000b\000r\000a\000t\000i\000o\000n\000a\000l\000\040\000f\000r\000e\000q\000u\000e\000n\000c\000i\000e\000s\000\051}{section.8}% 43
\BOOKMARK [2][-]{subsection.8.6}{\376\377\000C\0006\000H\0006\000\040\000\050\000A\000r\000o\000m\000a\000t\000i\000c\000,\000\040\0005\000\040\000r\000e\000p\000r\000e\000s\000e\000n\000t\000a\000t\000i\000v\000e\000\040\000m\000o\000d\000e\000s\000\051}{section.8}% 44
\BOOKMARK [2][-]{subsection.8.7}{\376\377\000S\000u\000m\000m\000a\000r\000y\000\040\000T\000a\000b\000l\000e\000s}{section.8}% 45
\BOOKMARK [1][-]{section.9}{\376\377\000C\000r\000o\000s\000s\000-\000V\000a\000l\000i\000d\000a\000t\000i\000o\000n\000\040\000a\000n\000d\000\040\000E\000r\000r\000o\000r\000\040\000A\000n\000a\000l\000y\000s\000i\000s}{part.4}% 46
\BOOKMARK [2][-]{subsection.9.1}{\376\377\000H\000a\000r\000m\000o\000n\000i\000c\000\040\000R\000a\000t\000i\000o\000\040\000A\000c\000c\000u\000r\000a\000c\000y}{section.9}% 47
\BOOKMARK [2][-]{subsection.9.2}{\376\377\000C\000o\000n\000s\000t\000r\000u\000c\000t\000i\000v\000e\000\040\000I\000n\000t\000e\000r\000f\000e\000r\000e\000n\000c\000e\000\040\000V\000e\000r\000i\000f\000i\000c\000a\000t\000i\000o\000n}{section.9}% 48
\BOOKMARK [2][-]{subsection.9.3}{\376\377\000S\000e\000l\000f\000-\000V\000a\000l\000i\000d\000a\000t\000i\000o\000n\000\040\000A\000n\000a\000l\000y\000s\000i\000s}{section.9}% 49
\BOOKMARK [2][-]{subsection.9.4}{\376\377\000Z\000e\000r\000o\000\040\000A\000d\000j\000u\000s\000t\000a\000b\000l\000e\000\040\000P\000a\000r\000a\000m\000e\000t\000e\000r\000s}{section.9}% 50
\BOOKMARK [0][-]{part.5}{\376\377\000V\000\040\000D\000i\000s\000c\000u\000s\000s\000i\000o\000n\000\040\000a\000n\000d\000\040\000C\000o\000n\000c\000l\000u\000s\000i\000o\000n}{}% 51
\BOOKMARK [1][-]{section.10}{\376\377\000D\000i\000s\000c\000u\000s\000s\000i\000o\000n}{part.5}% 52
\BOOKMARK [2][-]{subsection.10.1}{\376\377\000W\000h\000a\000t\000\040\000H\000a\000s\000\040\000B\000e\000e\000n\000\040\000D\000e\000r\000i\000v\000e\000d}{section.10}% 53
\BOOKMARK [2][-]{subsection.10.2}{\376\377\000A\000n\000s\000w\000e\000r\000i\000n\000g\000\040\000t\000h\000e\000\040\000T\000i\000c\000k\000i\000n\000g\000\040\000P\000r\000o\000b\000l\000e\000m}{section.10}% 54
\BOOKMARK [2][-]{subsection.10.3}{\376\377\000N\000o\000\040\000P\000h\000o\000t\000o\000n\000\040\000P\000r\000o\000p\000a\000g\000a\000t\000i\000o\000n\000\040\000B\000o\000t\000t\000l\000e\000n\000e\000c\000k}{section.10}% 55
\BOOKMARK [2][-]{subsection.10.4}{\376\377\000C\000o\000m\000p\000a\000r\000i\000s\000o\000n\000\040\000w\000i\000t\000h\000\040\000C\000o\000n\000v\000e\000n\000t\000i\000o\000n\000a\000l\000\040\000R\000e\000s\000o\000n\000a\000n\000t\000\040\000C\000a\000v\000i\000t\000i\000e\000s}{section.10}% 56
\BOOKMARK [2][-]{subsection.10.5}{\376\377\000F\000a\000l\000s\000i\000f\000i\000a\000b\000l\000e\000\040\000P\000r\000e\000d\000i\000c\000t\000i\000o\000n\000s}{section.10}% 57
\BOOKMARK [2][-]{subsection.10.6}{\376\377\000R\000e\000l\000a\000t\000i\000o\000n\000\040\000t\000o\000\040\000K\000n\000o\000w\000n\000\040\000P\000h\000e\000n\000o\000m\000e\000n\000a}{section.10}% 58
\BOOKMARK [1][-]{section.11}{\376\377\000C\000o\000n\000c\000l\000u\000s\000i\000o\000n}{part.5}% 59
