\BOOKMARK [1][-]{section.1}{\376\377\000I\000n\000t\000r\000o\000d\000u\000c\000t\000i\000o\000n}{}% 1
\BOOKMARK [2][-]{subsection.1.1}{\376\377\000M\000a\000t\000h\000e\000m\000a\000t\000i\000c\000a\000l\000\040\000F\000o\000u\000n\000d\000a\000t\000i\000o\000n\000\040\000o\000f\000\040\000O\000s\000c\000i\000l\000l\000a\000t\000o\000r\000y\000\040\000R\000e\000a\000l\000i\000t\000y}{section.1}% 2
\BOOKMARK [3][-]{subsubsection.1.1.1}{\376\377\000O\000s\000c\000i\000l\000l\000a\000t\000o\000r\000y\000\040\000E\000n\000t\000r\000o\000p\000y\000\040\000R\000e\000f\000o\000r\000m\000u\000l\000a\000t\000i\000o\000n}{subsection.1.1}% 3
\BOOKMARK [3][-]{subsubsection.1.1.2}{\376\377\000F\000u\000n\000d\000a\000m\000e\000n\000t\000a\000l\000\040\000O\000s\000c\000i\000l\000l\000a\000t\000o\000r\000-\000P\000r\000o\000c\000e\000s\000s\000o\000r\000\040\000E\000q\000u\000i\000v\000a\000l\000e\000n\000c\000e}{subsection.1.1}% 4
\BOOKMARK [2][-]{subsection.1.2}{\376\377\000M\000u\000l\000t\000i\000-\000S\000c\000a\000l\000e\000\040\000O\000s\000c\000i\000l\000l\000a\000t\000o\000r\000y\000\040\000C\000o\000o\000r\000d\000i\000n\000a\000t\000i\000o\000n}{section.1}% 5
\BOOKMARK [3][-]{subsubsection.1.2.1}{\376\377\000S\000c\000a\000l\000e\000\040\000S\000e\000p\000a\000r\000a\000t\000i\000o\000n\000\040\000a\000n\000d\000\040\000C\000o\000o\000r\000d\000i\000n\000a\000t\000i\000o\000n}{subsection.1.2}% 6
\BOOKMARK [3][-]{subsubsection.1.2.2}{\376\377\000O\000s\000c\000i\000l\000l\000a\000t\000o\000r\000y\000\040\000I\000n\000f\000o\000r\000m\000a\000t\000i\000o\000n\000\040\000D\000e\000n\000s\000i\000t\000y}{subsection.1.2}% 7
\BOOKMARK [2][-]{subsection.1.3}{\376\377\000B\000i\000o\000l\000o\000g\000i\000c\000a\000l\000\040\000M\000a\000x\000w\000e\000l\000l\000\040\000D\000e\000m\000o\000n\000s\000\040\000a\000n\000d\000\040\000I\000n\000f\000o\000r\000m\000a\000t\000i\000o\000n\000\040\000C\000a\000t\000a\000l\000y\000s\000i\000s}{section.1}% 8
\BOOKMARK [3][-]{subsubsection.1.3.1}{\376\377\000I\000n\000f\000o\000r\000m\000a\000t\000i\000o\000n\000\040\000C\000a\000t\000a\000l\000y\000s\000i\000s\000\040\000M\000a\000t\000h\000e\000m\000a\000t\000i\000c\000a\000l\000\040\000S\000t\000r\000u\000c\000t\000u\000r\000e}{subsection.1.3}% 9
\BOOKMARK [3][-]{subsubsection.1.3.2}{\376\377\000T\000h\000e\000r\000m\000o\000d\000y\000n\000a\000m\000i\000c\000\040\000A\000m\000p\000l\000i\000f\000i\000c\000a\000t\000i\000o\000n\000\040\000T\000h\000r\000o\000u\000g\000h\000\040\000O\000s\000c\000i\000l\000l\000a\000t\000o\000r\000y\000\040\000B\000M\000D\000s}{subsection.1.3}% 10
\BOOKMARK [2][-]{subsection.1.4}{\376\377\000E\000n\000t\000r\000o\000p\000y\000\040\000E\000n\000d\000p\000o\000i\000n\000t\000\040\000C\000o\000m\000p\000u\000t\000a\000t\000i\000o\000n\000\040\000E\000q\000u\000i\000v\000a\000l\000e\000n\000c\000e}{section.1}% 11
\BOOKMARK [3][-]{subsubsection.1.4.1}{\376\377\000C\000o\000m\000p\000u\000t\000a\000t\000i\000o\000n\000a\000l\000\040\000P\000a\000t\000h\000\040\000E\000q\000u\000i\000v\000a\000l\000e\000n\000c\000e\000\040\000T\000h\000e\000o\000r\000e\000m}{subsection.1.4}% 12
\BOOKMARK [3][-]{subsubsection.1.4.2}{\376\377\000C\000o\000m\000p\000u\000t\000a\000b\000i\000l\000i\000t\000y}{subsection.1.4}% 13
\BOOKMARK [2][-]{subsection.1.5}{\376\377\000U\000n\000i\000v\000e\000r\000s\000a\000l\000\040\000M\000o\000l\000e\000c\000u\000l\000a\000r\000\040\000C\000o\000m\000p\000u\000t\000i\000n\000g\000\040\000S\000u\000b\000s\000t\000r\000a\000t\000e}{section.1}% 14
\BOOKMARK [3][-]{subsubsection.1.5.1}{\376\377\000A\000t\000m\000o\000s\000p\000h\000e\000r\000i\000c\000\040\000C\000o\000m\000p\000u\000t\000i\000n\000g\000\040\000C\000a\000p\000a\000c\000i\000t\000y}{subsection.1.5}% 15
\BOOKMARK [3][-]{subsubsection.1.5.2}{\376\377\000P\000h\000y\000s\000i\000c\000a\000l\000\040\000G\000u\000a\000r\000a\000n\000t\000e\000e\000\040\000o\000f\000\040\000C\000o\000m\000p\000u\000t\000a\000t\000i\000o\000n\000a\000l\000\040\000S\000o\000l\000v\000a\000b\000i\000l\000i\000t\000y}{subsection.1.5}% 16
\BOOKMARK [2][-]{subsection.1.6}{\376\377\000F\000r\000a\000m\000e\000w\000o\000r\000k\000\040\000I\000n\000t\000e\000g\000r\000a\000t\000i\000o\000n\000\040\000a\000n\000d\000\040\000S\000y\000s\000t\000e\000m\000\040\000A\000r\000c\000h\000i\000t\000e\000c\000t\000u\000r\000e}{section.1}% 17
\BOOKMARK [3][-]{subsubsection.1.6.1}{\376\377\000D\000u\000a\000l\000-\000F\000u\000n\000c\000t\000i\000o\000n\000a\000l\000i\000t\000y\000\040\000M\000o\000l\000e\000c\000u\000l\000a\000r\000\040\000D\000e\000s\000i\000g\000n}{subsection.1.6}% 18
\BOOKMARK [3][-]{subsubsection.1.6.2}{\376\377\000I\000n\000f\000o\000r\000m\000a\000t\000i\000o\000n\000\040\000C\000a\000t\000a\000l\000y\000s\000i\000s\000\040\000I\000m\000p\000l\000e\000m\000e\000n\000t\000a\000t\000i\000o\000n}{subsection.1.6}% 19
\BOOKMARK [3][-]{subsubsection.1.6.3}{\376\377\000M\000u\000l\000t\000i\000-\000S\000c\000a\000l\000e\000\040\000C\000o\000o\000r\000d\000i\000n\000a\000t\000i\000o\000n\000\040\000P\000r\000o\000t\000o\000c\000o\000l}{subsection.1.6}% 20
\BOOKMARK [2][-]{subsection.1.7}{\376\377\000E\000x\000p\000e\000r\000i\000m\000e\000n\000t\000a\000l\000\040\000V\000a\000l\000i\000d\000a\000t\000i\000o\000n\000\040\000F\000r\000a\000m\000e\000w\000o\000r\000k}{section.1}% 21
\BOOKMARK [3][-]{subsubsection.1.7.1}{\376\377\000M\000e\000a\000s\000u\000r\000a\000b\000l\000e\000\040\000P\000r\000e\000d\000i\000c\000t\000i\000o\000n\000s}{subsection.1.7}% 22
\BOOKMARK [3][-]{subsubsection.1.7.2}{\376\377\000V\000a\000l\000i\000d\000a\000t\000i\000o\000n\000\040\000M\000e\000t\000h\000o\000d\000o\000l\000o\000g\000y}{subsection.1.7}% 23
\BOOKMARK [2][-]{subsection.1.8}{\376\377\000S\000i\000g\000n\000i\000f\000i\000c\000a\000n\000c\000e\000\040\000a\000n\000d\000\040\000A\000p\000p\000l\000i\000c\000a\000t\000i\000o\000n\000s}{section.1}% 24
\BOOKMARK [1][-]{section.2}{\376\377\000I\000n\000f\000o\000r\000m\000a\000t\000i\000o\000n\000\040\000C\000a\000t\000a\000l\000y\000s\000i\000s\000\040\000T\000h\000e\000o\000r\000y}{}% 25
\BOOKMARK [2][-]{subsection.2.1}{\376\377\000C\000a\000t\000a\000l\000y\000s\000i\000s\000\040\000M\000e\000c\000h\000a\000n\000i\000s\000m}{section.2}% 26
\BOOKMARK [2][-]{subsection.2.2}{\376\377\000T\000h\000e\000o\000r\000e\000t\000i\000c\000a\000l\000\040\000F\000o\000u\000n\000d\000a\000t\000i\000o\000n}{section.2}% 27
\BOOKMARK [3][-]{subsubsection.2.2.1}{\376\377\000M\000a\000t\000h\000e\000m\000a\000t\000i\000c\000a\000l\000\040\000F\000o\000r\000m\000u\000l\000a\000t\000i\000o\000n}{subsection.2.2}% 28
\BOOKMARK [3][-]{subsubsection.2.2.2}{\376\377\000I\000n\000f\000o\000r\000m\000a\000t\000i\000o\000n\000\040\000C\000o\000n\000s\000e\000r\000v\000a\000t\000i\000o\000n\000\040\000P\000r\000i\000n\000c\000i\000p\000l\000e}{subsection.2.2}% 29
\BOOKMARK [3][-]{subsubsection.2.2.3}{\376\377\000T\000h\000e\000r\000m\000o\000d\000y\000n\000a\000m\000i\000c\000\040\000A\000m\000p\000l\000i\000f\000i\000c\000a\000t\000i\000o\000n\000\040\000M\000e\000c\000h\000a\000n\000i\000s\000m}{subsection.2.2}% 30
\BOOKMARK [2][-]{subsection.2.3}{\376\377\000P\000a\000t\000t\000e\000r\000n\000\040\000R\000e\000c\000o\000g\000n\000i\000t\000i\000o\000n\000\040\000F\000i\000l\000t\000e\000r\000\040\000I\000m\000p\000l\000e\000m\000e\000n\000t\000a\000t\000i\000o\000n}{section.2}% 31
\BOOKMARK [3][-]{subsubsection.2.3.1}{\376\377\000I\000n\000p\000u\000t\000\040\000F\000i\000l\000t\000e\000r\000\040\000M\000a\000t\000h\000e\000m\000a\000t\000i\000c\000a\000l\000\040\000S\000t\000r\000u\000c\000t\000u\000r\000e}{subsection.2.3}% 32
\BOOKMARK [3][-]{subsubsection.2.3.2}{\376\377\000P\000a\000t\000t\000e\000r\000n\000\040\000R\000e\000c\000o\000g\000n\000i\000t\000i\000o\000n\000\040\000E\000f\000f\000i\000c\000i\000e\000n\000c\000y}{subsection.2.3}% 33
\BOOKMARK [3][-]{subsubsection.2.3.3}{\376\377\000M\000u\000l\000t\000i\000-\000S\000c\000a\000l\000e\000\040\000P\000a\000t\000t\000e\000r\000n\000\040\000I\000n\000t\000e\000g\000r\000a\000t\000i\000o\000n}{subsection.2.3}% 34
\BOOKMARK [2][-]{subsection.2.4}{\376\377\000I\000n\000f\000o\000r\000m\000a\000t\000i\000o\000n\000\040\000C\000h\000a\000n\000n\000e\000l\000l\000i\000n\000g\000\040\000O\000p\000e\000r\000a\000t\000o\000r\000\040\000I\000m\000p\000l\000e\000m\000e\000n\000t\000a\000t\000i\000o\000n}{section.2}% 35
\BOOKMARK [3][-]{subsubsection.2.4.1}{\376\377\000O\000u\000t\000p\000u\000t\000\040\000C\000h\000a\000n\000n\000e\000l\000l\000i\000n\000g\000\040\000M\000a\000t\000h\000e\000m\000a\000t\000i\000c\000a\000l\000\040\000S\000t\000r\000u\000c\000t\000u\000r\000e}{subsection.2.4}% 36
\BOOKMARK [3][-]{subsubsection.2.4.2}{\376\377\000T\000r\000a\000n\000s\000f\000o\000r\000m\000a\000t\000i\000o\000n\000\040\000P\000a\000t\000h\000w\000a\000y\000\040\000O\000p\000t\000i\000m\000i\000z\000a\000t\000i\000o\000n}{subsection.2.4}% 37
\BOOKMARK [3][-]{subsubsection.2.4.3}{\376\377\000I\000n\000f\000o\000r\000m\000a\000t\000i\000o\000n\000\040\000F\000i\000d\000e\000l\000i\000t\000y\000\040\000P\000r\000e\000s\000e\000r\000v\000a\000t\000i\000o\000n}{subsection.2.4}% 38
\BOOKMARK [2][-]{subsection.2.5}{\376\377\000F\000u\000n\000c\000t\000i\000o\000n\000a\000l\000\040\000C\000o\000m\000p\000o\000s\000i\000t\000i\000o\000n\000\040\000I\000m\000p\000l\000e\000m\000e\000n\000t\000a\000t\000i\000o\000n}{section.2}% 39
\BOOKMARK [3][-]{subsubsection.2.5.1}{\376\377\000C\000o\000m\000p\000o\000s\000i\000t\000i\000o\000n\000\040\000O\000p\000e\000r\000a\000t\000o\000r\000\040\000S\000t\000r\000u\000c\000t\000u\000r\000e}{subsection.2.5}% 40
\BOOKMARK [3][-]{subsubsection.2.5.2}{\376\377\000C\000o\000m\000p\000o\000s\000i\000t\000i\000o\000n\000\040\000E\000f\000f\000i\000c\000i\000e\000n\000c\000y\000\040\000A\000n\000a\000l\000y\000s\000i\000s}{subsection.2.5}% 41
\BOOKMARK [2][-]{subsection.2.6}{\376\377\000T\000h\000e\000r\000m\000o\000d\000y\000n\000a\000m\000i\000c\000\040\000C\000o\000n\000s\000t\000r\000a\000i\000n\000t\000s\000\040\000a\000n\000d\000\040\000V\000a\000l\000i\000d\000a\000t\000i\000o\000n}{section.2}% 42
\BOOKMARK [3][-]{subsubsection.2.6.1}{\376\377\000M\000o\000d\000i\000f\000i\000e\000d\000\040\000L\000a\000n\000d\000a\000u\000e\000r\000\040\000P\000r\000i\000n\000c\000i\000p\000l\000e}{subsection.2.6}% 43
\BOOKMARK [3][-]{subsubsection.2.6.2}{\376\377\000E\000n\000e\000r\000g\000y\000\040\000B\000a\000l\000a\000n\000c\000e\000\040\000V\000e\000r\000i\000f\000i\000c\000a\000t\000i\000o\000n}{subsection.2.6}% 44
\BOOKMARK [3][-]{subsubsection.2.6.3}{\376\377\000E\000n\000t\000r\000o\000p\000y\000\040\000P\000r\000o\000d\000u\000c\000t\000i\000o\000n\000\040\000A\000n\000a\000l\000y\000s\000i\000s}{subsection.2.6}% 45
\BOOKMARK [2][-]{subsection.2.7}{\376\377\000M\000u\000l\000t\000i\000-\000S\000c\000a\000l\000e\000\040\000I\000n\000f\000o\000r\000m\000a\000t\000i\000o\000n\000\040\000I\000n\000t\000e\000g\000r\000a\000t\000i\000o\000n}{section.2}% 46
\BOOKMARK [3][-]{subsubsection.2.7.1}{\376\377\000Q\000u\000a\000n\000t\000u\000m\000\040\000I\000n\000f\000o\000r\000m\000a\000t\000i\000o\000n\000\040\000P\000r\000o\000c\000e\000s\000s\000i\000n\000g}{subsection.2.7}% 47
\BOOKMARK [3][-]{subsubsection.2.7.2}{\376\377\000M\000o\000l\000e\000c\000u\000l\000a\000r\000\040\000I\000n\000f\000o\000r\000m\000a\000t\000i\000o\000n\000\040\000N\000e\000t\000w\000o\000r\000k\000s}{subsection.2.7}% 48
\BOOKMARK [3][-]{subsubsection.2.7.3}{\376\377\000E\000n\000v\000i\000r\000o\000n\000m\000e\000n\000t\000a\000l\000\040\000I\000n\000f\000o\000r\000m\000a\000t\000i\000o\000n\000\040\000C\000o\000o\000r\000d\000i\000n\000a\000t\000i\000o\000n}{subsection.2.7}% 49
\BOOKMARK [3][-]{subsubsection.2.7.4}{\376\377\000A\000m\000p\000l\000i\000f\000i\000c\000a\000t\000i\000o\000n\000\040\000F\000a\000c\000t\000o\000r\000\040\000M\000e\000a\000s\000u\000r\000e\000m\000e\000n\000t\000s}{subsection.2.7}% 50
\BOOKMARK [3][-]{subsubsection.2.7.5}{\376\377\000M\000o\000l\000e\000c\000u\000l\000a\000r\000\040\000T\000r\000a\000n\000s\000f\000o\000r\000m\000a\000t\000i\000o\000n\000\040\000E\000f\000f\000i\000c\000i\000e\000n\000c\000y}{subsection.2.7}% 51
\BOOKMARK [3][-]{subsubsection.2.7.6}{\376\377\000S\000c\000a\000l\000e\000-\000D\000e\000p\000e\000n\000d\000e\000n\000t\000\040\000P\000e\000r\000f\000o\000r\000m\000a\000n\000c\000e}{subsection.2.7}% 52
\BOOKMARK [2][-]{subsection.2.8}{\376\377\000I\000m\000p\000l\000e\000m\000e\000n\000t\000a\000t\000i\000o\000n\000\040\000A\000r\000c\000h\000i\000t\000e\000c\000t\000u\000r\000e}{section.2}% 53
\BOOKMARK [3][-]{subsubsection.2.8.1}{\376\377\000I\000n\000f\000o\000r\000m\000a\000t\000i\000o\000n\000\040\000C\000a\000t\000a\000l\000y\000s\000i\000s\000\040\000E\000n\000g\000i\000n\000e\000\040\000S\000t\000r\000u\000c\000t\000u\000r\000e}{subsection.2.8}% 54
\BOOKMARK [3][-]{subsubsection.2.8.2}{\376\377\000R\000e\000a\000l\000-\000T\000i\000m\000e\000\040\000P\000r\000o\000c\000e\000s\000s\000i\000n\000g\000\040\000P\000i\000p\000e\000l\000i\000n\000e}{subsection.2.8}% 55
\BOOKMARK [3][-]{subsubsection.2.8.3}{\376\377\000Q\000u\000a\000l\000i\000t\000y\000\040\000C\000o\000n\000t\000r\000o\000l\000\040\000I\000n\000t\000e\000g\000r\000a\000t\000i\000o\000n}{subsection.2.8}% 56
\BOOKMARK [2][-]{subsection.2.9}{\376\377\000A\000d\000v\000a\000n\000c\000e\000d\000\040\000F\000e\000a\000t\000u\000r\000e\000s}{section.2}% 57
\BOOKMARK [3][-]{subsubsection.2.9.1}{\376\377\000A\000d\000a\000p\000t\000i\000v\000e\000\040\000P\000a\000t\000t\000e\000r\000n\000\040\000L\000e\000a\000r\000n\000i\000n\000g}{subsection.2.9}% 58
\BOOKMARK [3][-]{subsubsection.2.9.2}{\376\377\000P\000r\000e\000d\000i\000c\000t\000i\000v\000e\000\040\000I\000n\000f\000o\000r\000m\000a\000t\000i\000o\000n\000\040\000C\000h\000a\000n\000n\000e\000l\000l\000i\000n\000g}{subsection.2.9}% 59
\BOOKMARK [3][-]{subsubsection.2.9.3}{\376\377\000M\000u\000l\000t\000i\000-\000O\000b\000j\000e\000c\000t\000i\000v\000e\000\040\000O\000p\000t\000i\000m\000i\000z\000a\000t\000i\000o\000n}{subsection.2.9}% 60
\BOOKMARK [2][-]{subsection.2.10}{\376\377\000S\000y\000s\000t\000e\000m\000\040\000I\000n\000t\000e\000g\000r\000a\000t\000i\000o\000n\000\040\000a\000n\000d\000\040\000S\000c\000a\000l\000i\000n\000g}{section.2}% 61
\BOOKMARK [3][-]{subsubsection.2.10.1}{\376\377\000P\000a\000r\000a\000l\000l\000e\000l\000\040\000I\000n\000f\000o\000r\000m\000a\000t\000i\000o\000n\000\040\000P\000r\000o\000c\000e\000s\000s\000i\000n\000g}{subsection.2.10}% 62
\BOOKMARK [3][-]{subsubsection.2.10.2}{\376\377\000D\000i\000s\000t\000r\000i\000b\000u\000t\000e\000d\000\040\000C\000a\000t\000a\000l\000y\000t\000i\000c\000\040\000N\000e\000t\000w\000o\000r\000k\000s}{subsection.2.10}% 63
\BOOKMARK [3][-]{subsubsection.2.10.3}{\376\377\000S\000c\000a\000l\000a\000b\000i\000l\000i\000t\000y\000\040\000A\000n\000a\000l\000y\000s\000i\000s}{subsection.2.10}% 64
\BOOKMARK [2][-]{subsection.2.11}{\376\377\000E\000r\000r\000o\000r\000\040\000A\000n\000a\000l\000y\000s\000i\000s\000\040\000a\000n\000d\000\040\000F\000a\000u\000l\000t\000\040\000T\000o\000l\000e\000r\000a\000n\000c\000e}{section.2}% 65
\BOOKMARK [3][-]{subsubsection.2.11.1}{\376\377\000E\000r\000r\000o\000r\000\040\000P\000r\000o\000p\000a\000g\000a\000t\000i\000o\000n\000\040\000M\000o\000d\000e\000l}{subsection.2.11}% 66
\BOOKMARK [3][-]{subsubsection.2.11.2}{\376\377\000F\000a\000u\000l\000t\000\040\000D\000e\000t\000e\000c\000t\000i\000o\000n\000\040\000a\000n\000d\000\040\000R\000e\000c\000o\000v\000e\000r\000y}{subsection.2.11}% 67
\BOOKMARK [1][-]{section.3}{\376\377\000D\000u\000a\000l\000-\000F\000u\000n\000c\000t\000i\000o\000n\000a\000l\000i\000t\000y\000\040\000M\000o\000l\000e\000c\000u\000l\000a\000r\000\040\000A\000r\000c\000h\000i\000t\000e\000c\000t\000u\000r\000e}{}% 68
\BOOKMARK [2][-]{subsection.3.1}{\376\377\000D\000u\000a\000l\000i\000t\000y}{section.3}% 69
\BOOKMARK [2][-]{subsection.3.2}{\376\377\000M\000a\000t\000h\000e\000m\000a\000t\000i\000c\000a\000l\000\040\000F\000o\000u\000n\000d\000a\000t\000i\000o\000n\000\040\000o\000f\000\040\000O\000s\000c\000i\000l\000l\000a\000t\000o\000r\000-\000P\000r\000o\000c\000e\000s\000s\000o\000r\000\040\000E\000q\000u\000i\000v\000a\000l\000e\000n\000c\000e}{section.3}% 70
\BOOKMARK [3][-]{subsubsection.3.2.1}{\376\377\000F\000r\000e\000q\000u\000e\000n\000c\000y\000-\000P\000r\000e\000c\000i\000s\000i\000o\000n\000\040\000R\000e\000l\000a\000t\000i\000o\000n\000s\000h\000i\000p}{subsection.3.2}% 71
\BOOKMARK [3][-]{subsubsection.3.2.2}{\376\377\000F\000r\000e\000q\000u\000e\000n\000c\000y\000-\000C\000o\000m\000p\000u\000t\000a\000t\000i\000o\000n\000a\000l\000\040\000P\000o\000w\000e\000r\000\040\000R\000e\000l\000a\000t\000i\000o\000n\000s\000h\000i\000p}{subsection.3.2}% 72
\BOOKMARK [2][-]{subsection.3.3}{\376\377\000D\000u\000a\000l\000-\000F\000u\000n\000c\000t\000i\000o\000n\000a\000l\000i\000t\000y\000\040\000M\000o\000l\000e\000c\000u\000l\000a\000r\000\040\000D\000e\000s\000i\000g\000n}{section.3}% 73
\BOOKMARK [3][-]{subsubsection.3.3.1}{\376\377\000O\000s\000c\000i\000l\000l\000a\000t\000o\000r\000y\000\040\000P\000r\000o\000p\000e\000r\000t\000i\000e\000s\000\040\000I\000m\000p\000l\000e\000m\000e\000n\000t\000a\000t\000i\000o\000n}{subsection.3.3}% 74
\BOOKMARK [3][-]{subsubsection.3.3.2}{\376\377\000C\000o\000m\000p\000u\000t\000a\000t\000i\000o\000n\000a\000l\000\040\000P\000r\000o\000p\000e\000r\000t\000i\000e\000s\000\040\000I\000m\000p\000l\000e\000m\000e\000n\000t\000a\000t\000i\000o\000n}{subsection.3.3}% 75
\BOOKMARK [2][-]{subsection.3.4}{\376\377\000R\000e\000c\000u\000r\000s\000i\000v\000e\000\040\000E\000n\000h\000a\000n\000c\000e\000m\000e\000n\000t\000\040\000M\000e\000c\000h\000a\000n\000i\000s\000m}{section.3}% 76
\BOOKMARK [3][-]{subsubsection.3.4.1}{\376\377\000M\000a\000t\000h\000e\000m\000a\000t\000i\000c\000a\000l\000\040\000F\000o\000r\000m\000u\000l\000a\000t\000i\000o\000n}{subsection.3.4}% 77
\BOOKMARK [3][-]{subsubsection.3.4.2}{\376\377\000E\000n\000h\000a\000n\000c\000e\000m\000e\000n\000t\000\040\000C\000o\000n\000v\000e\000r\000g\000e\000n\000c\000e\000\040\000A\000n\000a\000l\000y\000s\000i\000s}{subsection.3.4}% 78
\BOOKMARK [2][-]{subsection.3.5}{\376\377\000O\000p\000e\000r\000a\000t\000i\000o\000n\000a\000l\000\040\000M\000o\000d\000e\000\040\000C\000o\000n\000f\000i\000g\000u\000r\000a\000t\000i\000o\000n}{section.3}% 79
\BOOKMARK [3][-]{subsubsection.3.5.1}{\376\377\000C\000l\000o\000c\000k\000-\000D\000o\000m\000i\000n\000a\000n\000t\000\040\000M\000o\000d\000e}{subsection.3.5}% 80
\BOOKMARK [3][-]{subsubsection.3.5.2}{\376\377\000P\000r\000o\000c\000e\000s\000s\000o\000r\000-\000D\000o\000m\000i\000n\000a\000n\000t\000\040\000M\000o\000d\000e}{subsection.3.5}% 81
\BOOKMARK [3][-]{subsubsection.3.5.3}{\376\377\000B\000a\000l\000a\000n\000c\000e\000d\000\040\000M\000o\000d\000e}{subsection.3.5}% 82
\BOOKMARK [2][-]{subsection.3.6}{\376\377\000Q\000u\000a\000l\000i\000t\000y\000\040\000C\000o\000n\000t\000r\000o\000l\000\040\000a\000n\000d\000\040\000V\000e\000r\000i\000f\000i\000c\000a\000t\000i\000o\000n}{section.3}% 83
\BOOKMARK [3][-]{subsubsection.3.6.1}{\376\377\000C\000l\000o\000c\000k\000\040\000F\000u\000n\000c\000t\000i\000o\000n\000a\000l\000i\000t\000y\000\040\000V\000e\000r\000i\000f\000i\000c\000a\000t\000i\000o\000n}{subsection.3.6}% 84
\BOOKMARK [3][-]{subsubsection.3.6.2}{\376\377\000P\000r\000o\000c\000e\000s\000s\000o\000r\000\040\000F\000u\000n\000c\000t\000i\000o\000n\000a\000l\000i\000t\000y\000\040\000V\000e\000r\000i\000f\000i\000c\000a\000t\000i\000o\000n}{subsection.3.6}% 85
\BOOKMARK [2][-]{subsection.3.7}{\376\377\000D\000y\000n\000a\000m\000i\000c\000\040\000R\000e\000c\000o\000n\000f\000i\000g\000u\000r\000a\000t\000i\000o\000n\000\040\000P\000r\000o\000t\000o\000c\000o\000l\000s}{section.3}% 86
\BOOKMARK [3][-]{subsubsection.3.7.1}{\376\377\000M\000o\000d\000e\000\040\000S\000w\000i\000t\000c\000h\000i\000n\000g\000\040\000A\000l\000g\000o\000r\000i\000t\000h\000m}{subsection.3.7}% 87
\BOOKMARK [3][-]{subsubsection.3.7.2}{\376\377\000S\000t\000a\000b\000i\000l\000i\000t\000y\000\040\000A\000n\000a\000l\000y\000s\000i\000s}{subsection.3.7}% 88
\BOOKMARK [2][-]{subsection.3.8}{\376\377\000U\000n\000i\000v\000e\000r\000s\000a\000l\000\040\000M\000o\000l\000e\000c\000u\000l\000e\000-\000P\000r\000o\000c\000e\000s\000s\000o\000r\000\040\000C\000o\000n\000v\000e\000r\000s\000i\000o\000n}{section.3}% 89
\BOOKMARK [3][-]{subsubsection.3.8.1}{\376\377\000C\000o\000n\000v\000e\000r\000s\000i\000o\000n\000\040\000E\000f\000f\000i\000c\000i\000e\000n\000c\000y}{subsection.3.8}% 90
\BOOKMARK [3][-]{subsubsection.3.8.2}{\376\377\000C\000o\000n\000v\000e\000r\000s\000i\000o\000n\000\040\000T\000i\000m\000e\000\040\000C\000o\000n\000s\000t\000a\000n\000t\000s}{subsection.3.8}% 91
\BOOKMARK [2][-]{subsection.3.9}{\376\377\000P\000h\000y\000s\000i\000c\000a\000l\000\040\000I\000m\000p\000l\000e\000m\000e\000n\000t\000a\000t\000i\000o\000n\000\040\000C\000o\000n\000s\000t\000r\000a\000i\000n\000t\000s}{section.3}% 92
\BOOKMARK [3][-]{subsubsection.3.9.1}{\376\377\000Q\000u\000a\000n\000t\000u\000m\000\040\000C\000o\000h\000e\000r\000e\000n\000c\000e\000\040\000R\000e\000q\000u\000i\000r\000e\000m\000e\000n\000t\000s}{subsection.3.9}% 93
\BOOKMARK [3][-]{subsubsection.3.9.2}{\376\377\000T\000h\000e\000r\000m\000o\000d\000y\000n\000a\000m\000i\000c\000\040\000S\000t\000a\000b\000i\000l\000i\000t\000y}{subsection.3.9}% 94
\BOOKMARK [2][-]{subsection.3.10}{\376\377\000P\000e\000r\000f\000o\000r\000m\000a\000n\000c\000e\000\040\000C\000h\000a\000r\000a\000c\000t\000e\000r\000i\000z\000a\000t\000i\000o\000n}{section.3}% 95
\BOOKMARK [3][-]{subsubsection.3.10.1}{\376\377\000T\000i\000m\000i\000n\000g\000\040\000P\000r\000e\000c\000i\000s\000i\000o\000n\000\040\000M\000e\000a\000s\000u\000r\000e\000m\000e\000n\000t\000s}{subsection.3.10}% 96
\BOOKMARK [3][-]{subsubsection.3.10.2}{\376\377\000C\000o\000m\000p\000u\000t\000a\000t\000i\000o\000n\000a\000l\000\040\000P\000e\000r\000f\000o\000r\000m\000a\000n\000c\000e\000\040\000M\000e\000a\000s\000u\000r\000e\000m\000e\000n\000t\000s}{subsection.3.10}% 97
\BOOKMARK [1][-]{section.4}{\376\377\000H\000a\000r\000d\000w\000a\000r\000e\000\040\000I\000n\000t\000e\000g\000r\000a\000t\000i\000o\000n\000\040\000A\000r\000c\000h\000i\000t\000e\000c\000t\000u\000r\000e}{}% 98
\BOOKMARK [2][-]{subsection.4.1}{\376\377\000L\000E\000D\000\040\000S\000p\000e\000c\000t\000r\000o\000s\000c\000o\000p\000y\000\040\000I\000n\000t\000e\000g\000r\000a\000t\000i\000o\000n}{section.4}% 99
\BOOKMARK [3][-]{subsubsection.4.1.1}{\376\377\000S\000t\000a\000n\000d\000a\000r\000d\000\040\000L\000E\000D\000\040\000W\000a\000v\000e\000l\000e\000n\000g\000t\000h\000\040\000U\000t\000i\000l\000i\000z\000a\000t\000i\000o\000n}{subsection.4.1}% 100
\BOOKMARK [3][-]{subsubsection.4.1.2}{\376\377\000M\000o\000l\000e\000c\000u\000l\000a\000r\000\040\000F\000l\000u\000o\000r\000e\000s\000c\000e\000n\000c\000e\000\040\000A\000n\000a\000l\000y\000s\000i\000s}{subsection.4.1}% 101
\BOOKMARK [3][-]{subsubsection.4.1.3}{\376\377\000S\000p\000e\000c\000t\000r\000a\000l\000\040\000A\000n\000a\000l\000y\000s\000i\000s\000\040\000A\000l\000g\000o\000r\000i\000t\000h\000m}{subsection.4.1}% 102
\BOOKMARK [2][-]{subsection.4.2}{\376\377\000C\000P\000U\000\040\000T\000i\000m\000i\000n\000g\000\040\000C\000o\000o\000r\000d\000i\000n\000a\000t\000i\000o\000n}{section.4}% 103
\BOOKMARK [3][-]{subsubsection.4.2.1}{\376\377\000M\000o\000l\000e\000c\000u\000l\000a\000r\000-\000H\000a\000r\000d\000w\000a\000r\000e\000\040\000T\000i\000m\000i\000n\000g\000\040\000S\000y\000n\000c\000h\000r\000o\000n\000i\000z\000a\000t\000i\000o\000n}{subsection.4.2}% 104
\BOOKMARK [3][-]{subsubsection.4.2.2}{\376\377\000P\000e\000r\000f\000o\000r\000m\000a\000n\000c\000e\000\040\000A\000m\000p\000l\000i\000f\000i\000c\000a\000t\000i\000o\000n\000\040\000M\000e\000c\000h\000a\000n\000i\000s\000m}{subsection.4.2}% 105
\BOOKMARK [3][-]{subsubsection.4.2.3}{\376\377\000T\000i\000m\000i\000n\000g\000\040\000P\000r\000o\000t\000o\000c\000o\000l\000\040\000I\000m\000p\000l\000e\000m\000e\000n\000t\000a\000t\000i\000o\000n}{subsection.4.2}% 106
\BOOKMARK [2][-]{subsection.4.3}{\376\377\000N\000o\000i\000s\000e\000-\000E\000n\000h\000a\000n\000c\000e\000d\000\040\000P\000r\000o\000c\000e\000s\000s\000i\000n\000g}{section.4}% 107
\BOOKMARK [3][-]{subsubsection.4.3.1}{\376\377\000N\000a\000t\000u\000r\000a\000l\000\040\000E\000n\000v\000i\000r\000o\000n\000m\000e\000n\000t\000\040\000S\000i\000m\000u\000l\000a\000t\000i\000o\000n}{subsection.4.3}% 108
\BOOKMARK [3][-]{subsubsection.4.3.2}{\376\377\000S\000i\000g\000n\000a\000l\000-\000t\000o\000-\000N\000o\000i\000s\000e\000\040\000R\000a\000t\000i\000o\000\040\000O\000p\000t\000i\000m\000i\000z\000a\000t\000i\000o\000n}{subsection.4.3}% 109
\BOOKMARK [3][-]{subsubsection.4.3.3}{\376\377\000N\000o\000i\000s\000e\000\040\000E\000n\000h\000a\000n\000c\000e\000m\000e\000n\000t\000\040\000A\000l\000g\000o\000r\000i\000t\000h\000m}{subsection.4.3}% 110
\BOOKMARK [2][-]{subsection.4.4}{\376\377\000S\000c\000r\000e\000e\000n\000\040\000P\000i\000x\000e\000l\000\040\000t\000o\000\040\000C\000h\000e\000m\000i\000c\000a\000l\000\040\000M\000o\000d\000i\000f\000i\000c\000a\000t\000i\000o\000n\000\040\000I\000n\000t\000e\000r\000f\000a\000c\000e}{section.4}% 111
\BOOKMARK [3][-]{subsubsection.4.4.1}{\376\377\000R\000G\000B\000-\000t\000o\000-\000C\000h\000e\000m\000i\000c\000a\000l\000\040\000P\000a\000r\000a\000m\000e\000t\000e\000r\000\040\000M\000a\000p\000p\000i\000n\000g}{subsection.4.4}% 112
\BOOKMARK [3][-]{subsubsection.4.4.2}{\376\377\000R\000e\000a\000l\000-\000T\000i\000m\000e\000\040\000C\000h\000e\000m\000i\000c\000a\000l\000\040\000M\000o\000d\000i\000f\000i\000c\000a\000t\000i\000o\000n}{subsection.4.4}% 113
\BOOKMARK [3][-]{subsubsection.4.4.3}{\376\377\000V\000i\000s\000u\000a\000l\000-\000C\000h\000e\000m\000i\000c\000a\000l\000\040\000I\000n\000t\000e\000r\000f\000a\000c\000e\000\040\000P\000r\000o\000t\000o\000c\000o\000l}{subsection.4.4}% 114
\BOOKMARK [2][-]{subsection.4.5}{\376\377\000H\000a\000r\000d\000w\000a\000r\000e\000\040\000P\000e\000r\000f\000o\000r\000m\000a\000n\000c\000e\000\040\000C\000h\000a\000r\000a\000c\000t\000e\000r\000i\000z\000a\000t\000i\000o\000n}{section.4}% 115
\BOOKMARK [3][-]{subsubsection.4.5.1}{\376\377\000I\000n\000t\000e\000g\000r\000a\000t\000i\000o\000n\000\040\000P\000e\000r\000f\000o\000r\000m\000a\000n\000c\000e\000\040\000M\000e\000t\000r\000i\000c\000s}{subsection.4.5}% 116
\BOOKMARK [3][-]{subsubsection.4.5.2}{\376\377\000R\000e\000s\000o\000u\000r\000c\000e\000\040\000U\000t\000i\000l\000i\000z\000a\000t\000i\000o\000n\000\040\000A\000n\000a\000l\000y\000s\000i\000s}{subsection.4.5}% 117
\BOOKMARK [1][-]{section.5}{\376\377\000M\000o\000l\000e\000c\000u\000l\000a\000r\000\040\000A\000r\000c\000h\000i\000t\000e\000c\000t\000u\000r\000e\000\040\000N\000e\000t\000w\000o\000r\000k\000s}{}% 118
\BOOKMARK [2][-]{subsection.5.1}{\376\377\000I\000n\000t\000r\000o\000d\000u\000c\000t\000i\000o\000n}{section.5}% 119
\BOOKMARK [2][-]{subsection.5.2}{\376\377\000M\000u\000l\000t\000i\000-\000S\000c\000a\000l\000e\000\040\000N\000e\000t\000w\000o\000r\000k\000\040\000A\000r\000c\000h\000i\000t\000e\000c\000t\000u\000r\000e}{section.5}% 120
\BOOKMARK [3][-]{subsubsection.5.2.1}{\376\377\000H\000i\000e\000r\000a\000r\000c\000h\000i\000c\000a\000l\000\040\000S\000c\000a\000l\000e\000\040\000D\000e\000f\000i\000n\000i\000t\000i\000o\000n}{subsection.5.2}% 121
\BOOKMARK [3][-]{subsubsection.5.2.2}{\376\377\000S\000c\000a\000l\000e\000\040\000C\000o\000o\000r\000d\000i\000n\000a\000t\000i\000o\000n\000\040\000M\000a\000t\000h\000e\000m\000a\000t\000i\000c\000s}{subsection.5.2}% 122
\BOOKMARK [3][-]{subsubsection.5.2.3}{\376\377\000N\000e\000t\000w\000o\000r\000k\000\040\000T\000o\000p\000o\000l\000o\000g\000y\000\040\000S\000t\000r\000u\000c\000t\000u\000r\000e}{subsection.5.2}% 123
\BOOKMARK [2][-]{subsection.5.3}{\376\377\000Q\000u\000a\000n\000t\000u\000m\000\040\000B\000M\000D\000\040\000L\000a\000y\000e\000r\000\040\000\050\0001\0000\000-\0001\0005\000s\000\051}{section.5}% 124
\BOOKMARK [3][-]{subsubsection.5.3.1}{\376\377\000Q\000u\000a\000n\000t\000u\000m\000\040\000S\000t\000a\000t\000e\000\040\000M\000a\000n\000a\000g\000e\000m\000e\000n\000t}{subsection.5.3}% 125
\BOOKMARK [3][-]{subsubsection.5.3.2}{\376\377\000C\000o\000h\000e\000r\000e\000n\000c\000e\000\040\000P\000r\000e\000s\000e\000r\000v\000a\000t\000i\000o\000n\000\040\000P\000r\000o\000t\000o\000c\000o\000l}{subsection.5.3}% 126
\BOOKMARK [3][-]{subsubsection.5.3.3}{\376\377\000E\000n\000t\000a\000n\000g\000l\000e\000m\000e\000n\000t\000\040\000N\000e\000t\000w\000o\000r\000k\000\040\000C\000o\000o\000r\000d\000i\000n\000a\000t\000i\000o\000n}{subsection.5.3}% 127
\BOOKMARK [3][-]{subsubsection.5.3.4}{\376\377\000D\000e\000c\000o\000h\000e\000r\000e\000n\000c\000e\000\040\000M\000i\000t\000i\000g\000a\000t\000i\000o\000n}{subsection.5.3}% 128
\BOOKMARK [2][-]{subsection.5.4}{\376\377\000M\000o\000l\000e\000c\000u\000l\000a\000r\000\040\000B\000M\000D\000\040\000L\000a\000y\000e\000r\000\040\000\050\0001\0000\000-\0009\000s\000\051}{section.5}% 129
\BOOKMARK [3][-]{subsubsection.5.4.1}{\376\377\000M\000o\000l\000e\000c\000u\000l\000a\000r\000\040\000P\000a\000t\000t\000e\000r\000n\000\040\000R\000e\000c\000o\000g\000n\000i\000t\000i\000o\000n\000\040\000N\000e\000t\000w\000o\000r\000k\000s}{subsection.5.4}% 130
\BOOKMARK [3][-]{subsubsection.5.4.2}{\376\377\000C\000h\000e\000m\000i\000c\000a\000l\000\040\000R\000e\000a\000c\000t\000i\000o\000n\000\040\000N\000e\000t\000w\000o\000r\000k\000\040\000M\000a\000n\000a\000g\000e\000m\000e\000n\000t}{subsection.5.4}% 131
\BOOKMARK [3][-]{subsubsection.5.4.3}{\376\377\000C\000o\000n\000f\000o\000r\000m\000a\000t\000i\000o\000n\000a\000l\000\040\000O\000p\000t\000i\000m\000i\000z\000a\000t\000i\000o\000n\000\040\000E\000n\000g\000i\000n\000e}{subsection.5.4}% 132
\BOOKMARK [3][-]{subsubsection.5.4.4}{\376\377\000I\000n\000t\000e\000r\000m\000o\000l\000e\000c\000u\000l\000a\000r\000\040\000F\000o\000r\000c\000e\000\040\000F\000i\000e\000l\000d\000\040\000I\000m\000p\000l\000e\000m\000e\000n\000t\000a\000t\000i\000o\000n}{subsection.5.4}% 133
\BOOKMARK [2][-]{subsection.5.5}{\376\377\000E\000n\000v\000i\000r\000o\000n\000m\000e\000n\000t\000a\000l\000\040\000B\000M\000D\000\040\000L\000a\000y\000e\000r\000\040\000\050\0001\0000\0002\000s\000\051}{section.5}% 134
\BOOKMARK [3][-]{subsubsection.5.5.1}{\376\377\000E\000n\000v\000i\000r\000o\000n\000m\000e\000n\000t\000a\000l\000\040\000I\000n\000t\000e\000g\000r\000a\000t\000i\000o\000n\000\040\000P\000r\000o\000t\000o\000c\000o\000l}{subsection.5.5}% 135
\BOOKMARK [3][-]{subsubsection.5.5.2}{\376\377\000L\000o\000n\000g\000-\000t\000e\000r\000m\000\040\000S\000t\000a\000b\000i\000l\000i\000t\000y\000\040\000M\000a\000n\000a\000g\000e\000m\000e\000n\000t}{subsection.5.5}% 136
\BOOKMARK [3][-]{subsubsection.5.5.3}{\376\377\000S\000y\000s\000t\000e\000m\000\040\000I\000n\000t\000e\000g\000r\000a\000t\000i\000o\000n\000\040\000I\000n\000t\000e\000r\000f\000a\000c\000e}{subsection.5.5}% 137
\BOOKMARK [3][-]{subsubsection.5.5.4}{\376\377\000R\000e\000s\000o\000u\000r\000c\000e\000\040\000O\000p\000t\000i\000m\000i\000z\000a\000t\000i\000o\000n\000\040\000E\000n\000g\000i\000n\000e}{subsection.5.5}% 138
\BOOKMARK [2][-]{subsection.5.6}{\376\377\000I\000n\000t\000e\000r\000-\000S\000c\000a\000l\000e\000\040\000C\000o\000o\000r\000d\000i\000n\000a\000t\000i\000o\000n\000\040\000P\000r\000o\000t\000o\000c\000o\000l\000s}{section.5}% 139
\BOOKMARK [3][-]{subsubsection.5.6.1}{\376\377\000Q\000u\000a\000n\000t\000u\000m\000-\000M\000o\000l\000e\000c\000u\000l\000a\000r\000\040\000I\000n\000t\000e\000r\000f\000a\000c\000e}{subsection.5.6}% 140
\BOOKMARK [3][-]{subsubsection.5.6.2}{\376\377\000M\000o\000l\000e\000c\000u\000l\000a\000r\000-\000E\000n\000v\000i\000r\000o\000n\000m\000e\000n\000t\000a\000l\000\040\000I\000n\000t\000e\000r\000f\000a\000c\000e}{subsection.5.6}% 141
\BOOKMARK [3][-]{subsubsection.5.6.3}{\376\377\000T\000r\000i\000-\000S\000c\000a\000l\000e\000\040\000S\000y\000n\000c\000h\000r\000o\000n\000i\000z\000a\000t\000i\000o\000n}{subsection.5.6}% 142
\BOOKMARK [3][-]{subsubsection.5.6.4}{\376\377\000G\000r\000a\000p\000h\000-\000T\000h\000e\000o\000r\000e\000t\000i\000c\000\040\000A\000n\000a\000l\000y\000s\000i\000s}{subsection.5.6}% 143
\BOOKMARK [3][-]{subsubsection.5.6.5}{\376\377\000S\000m\000a\000l\000l\000-\000W\000o\000r\000l\000d\000\040\000N\000e\000t\000w\000o\000r\000k\000\040\000P\000r\000o\000p\000e\000r\000t\000i\000e\000s}{subsection.5.6}% 144
\BOOKMARK [3][-]{subsubsection.5.6.6}{\376\377\000S\000c\000a\000l\000e\000-\000F\000r\000e\000e\000\040\000P\000r\000o\000p\000e\000r\000t\000i\000e\000s}{subsection.5.6}% 145
\BOOKMARK [2][-]{subsection.5.7}{\376\377\000D\000y\000n\000a\000m\000i\000c\000\040\000N\000e\000t\000w\000o\000r\000k\000\040\000R\000e\000c\000o\000n\000f\000i\000g\000u\000r\000a\000t\000i\000o\000n}{section.5}% 146
\BOOKMARK [3][-]{subsubsection.5.7.1}{\376\377\000A\000d\000a\000p\000t\000i\000v\000e\000\040\000T\000o\000p\000o\000l\000o\000g\000y\000\040\000M\000o\000d\000i\000f\000i\000c\000a\000t\000i\000o\000n}{subsection.5.7}% 147
\BOOKMARK [3][-]{subsubsection.5.7.2}{\376\377\000E\000d\000g\000e\000\040\000W\000e\000i\000g\000h\000t\000\040\000O\000p\000t\000i\000m\000i\000z\000a\000t\000i\000o\000n}{subsection.5.7}% 148
\BOOKMARK [3][-]{subsubsection.5.7.3}{\376\377\000N\000o\000d\000e\000\040\000A\000d\000d\000i\000t\000i\000o\000n\000/\000R\000e\000m\000o\000v\000a\000l\000\040\000P\000r\000o\000t\000o\000c\000o\000l}{subsection.5.7}% 149
\BOOKMARK [2][-]{subsection.5.8}{\376\377\000F\000a\000u\000l\000t\000\040\000T\000o\000l\000e\000r\000a\000n\000c\000e\000\040\000a\000n\000d\000\040\000R\000o\000b\000u\000s\000t\000n\000e\000s\000s}{section.5}% 150
\BOOKMARK [3][-]{subsubsection.5.8.1}{\376\377\000N\000e\000t\000w\000o\000r\000k\000\040\000R\000e\000s\000i\000l\000i\000e\000n\000c\000e\000\040\000A\000n\000a\000l\000y\000s\000i\000s}{subsection.5.8}% 151
\BOOKMARK [3][-]{subsubsection.5.8.2}{\376\377\000C\000a\000s\000c\000a\000d\000i\000n\000g\000\040\000F\000a\000i\000l\000u\000r\000e\000\040\000P\000r\000e\000v\000e\000n\000t\000i\000o\000n}{subsection.5.8}% 152
\BOOKMARK [3][-]{subsubsection.5.8.3}{\376\377\000S\000e\000l\000f\000-\000H\000e\000a\000l\000i\000n\000g\000\040\000N\000e\000t\000w\000o\000r\000k\000\040\000M\000e\000c\000h\000a\000n\000i\000s\000m\000s}{subsection.5.8}% 153
\BOOKMARK [1][-]{section.6}{\376\377\000E\000x\000p\000e\000r\000i\000m\000e\000n\000t\000a\000l\000\040\000V\000a\000l\000i\000d\000a\000t\000i\000o\000n\000\040\000F\000r\000a\000m\000e\000w\000o\000r\000k}{}% 154
\BOOKMARK [2][-]{subsection.6.1}{\376\377\000V\000a\000l\000i\000d\000a\000t\000i\000o\000n\000\040\000M\000e\000t\000h\000o\000d\000o\000l\000o\000g\000y\000\040\000O\000v\000e\000r\000v\000i\000e\000w}{section.6}% 155
\BOOKMARK [3][-]{subsubsection.6.1.1}{\376\377\000L\000E\000D\000\040\000S\000p\000e\000c\000t\000r\000o\000s\000c\000o\000p\000y\000\040\000V\000a\000l\000i\000d\000a\000t\000i\000o\000n\000\040\000R\000a\000t\000i\000o\000n\000a\000l\000e}{subsection.6.1}% 156
\BOOKMARK [3][-]{subsubsection.6.1.2}{\376\377\000C\000P\000U\000\040\000T\000i\000m\000i\000n\000g\000\040\000C\000o\000o\000r\000d\000i\000n\000a\000t\000i\000o\000n\000\040\000V\000a\000l\000i\000d\000a\000t\000i\000o\000n\000\040\000R\000a\000t\000i\000o\000n\000a\000l\000e}{subsection.6.1}% 157
\BOOKMARK [3][-]{subsubsection.6.1.3}{\376\377\000P\000e\000r\000f\000o\000r\000m\000a\000n\000c\000e\000\040\000I\000m\000p\000r\000o\000v\000e\000m\000e\000n\000t\000\040\000Q\000u\000a\000n\000t\000i\000f\000i\000c\000a\000t\000i\000o\000n}{subsection.6.1}% 158
\BOOKMARK [2][-]{subsection.6.2}{\376\377\000N\000e\000t\000w\000o\000r\000k\000\040\000A\000r\000c\000h\000i\000t\000e\000c\000t\000u\000r\000e\000\040\000V\000a\000l\000i\000d\000a\000t\000i\000o\000n\000\040\000P\000r\000o\000t\000o\000c\000o\000l}{section.6}% 159
\BOOKMARK [3][-]{subsubsection.6.2.1}{\376\377\000M\000u\000l\000t\000i\000-\000S\000c\000a\000l\000e\000\040\000N\000e\000t\000w\000o\000r\000k\000\040\000T\000o\000p\000o\000l\000o\000g\000y\000\040\000V\000a\000l\000i\000d\000a\000t\000i\000o\000n}{subsection.6.2}% 160
\BOOKMARK [3][-]{subsubsection.6.2.2}{\376\377\000I\000n\000f\000o\000r\000m\000a\000t\000i\000o\000n\000\040\000A\000m\000p\000l\000i\000f\000i\000c\000a\000t\000i\000o\000n\000\040\000F\000a\000c\000t\000o\000r\000\040\000V\000a\000l\000i\000d\000a\000t\000i\000o\000n}{subsection.6.2}% 161
\BOOKMARK [2][-]{subsection.6.3}{\376\377\000M\000o\000l\000e\000c\000u\000l\000a\000r\000\040\000G\000e\000n\000e\000r\000a\000t\000i\000o\000n\000\040\000V\000a\000l\000i\000d\000a\000t\000i\000o\000n\000\040\000P\000r\000o\000t\000o\000c\000o\000l}{section.6}% 162
\BOOKMARK [3][-]{subsubsection.6.3.1}{\376\377\000D\000u\000a\000l\000-\000F\000u\000n\000c\000t\000i\000o\000n\000a\000l\000i\000t\000y\000\040\000V\000e\000r\000i\000f\000i\000c\000a\000t\000i\000o\000n\000\040\000M\000e\000t\000h\000o\000d\000o\000l\000o\000g\000y}{subsection.6.3}% 163
\BOOKMARK [3][-]{subsubsection.6.3.2}{\376\377\000C\000h\000e\000m\000i\000c\000a\000l\000\040\000S\000t\000r\000u\000c\000t\000u\000r\000e\000\040\000V\000a\000l\000i\000d\000a\000t\000i\000o\000n\000\040\000F\000r\000a\000m\000e\000w\000o\000r\000k}{subsection.6.3}% 164
\BOOKMARK [2][-]{subsection.6.4}{\376\377\000I\000n\000f\000o\000r\000m\000a\000t\000i\000o\000n\000\040\000C\000a\000t\000a\000l\000y\000s\000i\000s\000\040\000P\000e\000r\000f\000o\000r\000m\000a\000n\000c\000e\000\040\000V\000a\000l\000i\000d\000a\000t\000i\000o\000n}{section.6}% 165
\BOOKMARK [3][-]{subsubsection.6.4.1}{\376\377\000C\000a\000t\000a\000l\000y\000t\000i\000c\000\040\000E\000f\000f\000i\000c\000i\000e\000n\000c\000y\000\040\000M\000e\000a\000s\000u\000r\000e\000m\000e\000n\000t\000\040\000P\000r\000o\000t\000o\000c\000o\000l}{subsection.6.4}% 166
\BOOKMARK [3][-]{subsubsection.6.4.2}{\376\377\000T\000h\000e\000r\000m\000o\000d\000y\000n\000a\000m\000i\000c\000\040\000C\000o\000n\000s\000t\000r\000a\000i\000n\000t\000\040\000V\000a\000l\000i\000d\000a\000t\000i\000o\000n}{subsection.6.4}% 167
\BOOKMARK [2][-]{subsection.6.5}{\376\377\000D\000a\000t\000a\000\040\000C\000o\000l\000l\000e\000c\000t\000i\000o\000n\000\040\000a\000n\000d\000\040\000A\000n\000a\000l\000y\000s\000i\000s\000\040\000F\000r\000a\000m\000e\000w\000o\000r\000k}{section.6}% 168
\BOOKMARK [3][-]{subsubsection.6.5.1}{\376\377\000M\000e\000a\000s\000u\000r\000e\000m\000e\000n\000t\000\040\000P\000r\000e\000c\000i\000s\000i\000o\000n\000\040\000R\000e\000q\000u\000i\000r\000e\000m\000e\000n\000t\000s}{subsection.6.5}% 169
\BOOKMARK [3][-]{subsubsection.6.5.2}{\376\377\000S\000t\000a\000t\000i\000s\000t\000i\000c\000a\000l\000\040\000A\000n\000a\000l\000y\000s\000i\000s\000\040\000P\000r\000o\000t\000o\000c\000o\000l}{subsection.6.5}% 170
\BOOKMARK [2][-]{subsection.6.6}{\376\377\000E\000x\000p\000e\000r\000i\000m\000e\000n\000t\000a\000l\000\040\000R\000e\000p\000r\000o\000d\000u\000c\000i\000b\000i\000l\000i\000t\000y\000\040\000R\000e\000q\000u\000i\000r\000e\000m\000e\000n\000t\000s}{section.6}% 171
\BOOKMARK [3][-]{subsubsection.6.6.1}{\376\377\000E\000n\000v\000i\000r\000o\000n\000m\000e\000n\000t\000a\000l\000\040\000C\000o\000n\000t\000r\000o\000l\000\040\000S\000t\000a\000n\000d\000a\000r\000d\000s}{subsection.6.6}% 172
\BOOKMARK [3][-]{subsubsection.6.6.2}{\376\377\000C\000a\000l\000i\000b\000r\000a\000t\000i\000o\000n\000\040\000S\000t\000a\000n\000d\000a\000r\000d\000s}{subsection.6.6}% 173
\BOOKMARK [2][-]{subsection.6.7}{\376\377\000V\000a\000l\000i\000d\000a\000t\000i\000o\000n\000\040\000F\000r\000a\000m\000e\000w\000o\000r\000k\000\040\000L\000i\000m\000i\000t\000a\000t\000i\000o\000n\000s}{section.6}% 174
\BOOKMARK [3][-]{subsubsection.6.7.1}{\376\377\000M\000e\000a\000s\000u\000r\000e\000m\000e\000n\000t\000\040\000U\000n\000c\000e\000r\000t\000a\000i\000n\000t\000y\000\040\000S\000o\000u\000r\000c\000e\000s}{subsection.6.7}% 175
\BOOKMARK [3][-]{subsubsection.6.7.2}{\376\377\000T\000h\000e\000o\000r\000e\000t\000i\000c\000a\000l\000\040\000M\000o\000d\000e\000l\000\040\000V\000a\000l\000i\000d\000a\000t\000i\000o\000n\000\040\000B\000o\000u\000n\000d\000a\000r\000i\000e\000s}{subsection.6.7}% 176
\BOOKMARK [2][-]{subsection.6.8}{\376\377\000V\000a\000l\000i\000d\000a\000t\000i\000o\000n\000\040\000S\000u\000c\000c\000e\000s\000s\000\040\000C\000r\000i\000t\000e\000r\000i\000a}{section.6}% 177
\BOOKMARK [3][-]{subsubsection.6.8.1}{\376\377\000Q\000u\000a\000n\000t\000i\000t\000a\000t\000i\000v\000e\000\040\000P\000e\000r\000f\000o\000r\000m\000a\000n\000c\000e\000\040\000T\000h\000r\000e\000s\000h\000o\000l\000d\000s}{subsection.6.8}% 178
\BOOKMARK [1][-]{section.7}{\376\377\000E\000x\000p\000e\000r\000i\000m\000e\000n\000t\000a\000l\000\040\000R\000e\000s\000u\000l\000t\000s}{}% 179
\BOOKMARK [2][-]{subsection.7.1}{\376\377\000H\000a\000r\000d\000w\000a\000r\000e\000\040\000I\000n\000t\000e\000g\000r\000a\000t\000i\000o\000n\000\040\000P\000e\000r\000f\000o\000r\000m\000a\000n\000c\000e\000\040\000R\000e\000s\000u\000l\000t\000s}{section.7}% 180
\BOOKMARK [3][-]{subsubsection.7.1.1}{\376\377\000L\000E\000D\000\040\000S\000p\000e\000c\000t\000r\000o\000s\000c\000o\000p\000y\000\040\000M\000e\000a\000s\000u\000r\000e\000m\000e\000n\000t\000s}{subsection.7.1}% 181
\BOOKMARK [3][-]{subsubsection.7.1.2}{\376\377\000C\000P\000U\000\040\000T\000i\000m\000i\000n\000g\000\040\000C\000o\000o\000r\000d\000i\000n\000a\000t\000i\000o\000n\000\040\000P\000e\000r\000f\000o\000r\000m\000a\000n\000c\000e}{subsection.7.1}% 182
\BOOKMARK [3][-]{subsubsection.7.1.3}{\376\377\000O\000v\000e\000r\000a\000l\000l\000\040\000H\000a\000r\000d\000w\000a\000r\000e\000\040\000P\000e\000r\000f\000o\000r\000m\000a\000n\000c\000e\000\040\000I\000m\000p\000r\000o\000v\000e\000m\000e\000n\000t\000s}{subsection.7.1}% 183
\BOOKMARK [2][-]{subsection.7.2}{\376\377\000N\000e\000t\000w\000o\000r\000k\000\040\000A\000r\000c\000h\000i\000t\000e\000c\000t\000u\000r\000e\000\040\000R\000e\000s\000u\000l\000t\000s}{section.7}% 184
\BOOKMARK [3][-]{subsubsection.7.2.1}{\376\377\000M\000u\000l\000t\000i\000-\000S\000c\000a\000l\000e\000\040\000N\000e\000t\000w\000o\000r\000k\000\040\000T\000o\000p\000o\000l\000o\000g\000y\000\040\000A\000n\000a\000l\000y\000s\000i\000s}{subsection.7.2}% 185
\BOOKMARK [3][-]{subsubsection.7.2.2}{\376\377\000T\000h\000e\000r\000m\000o\000d\000y\000n\000a\000m\000i\000c\000\040\000A\000m\000p\000l\000i\000f\000i\000c\000a\000t\000i\000o\000n\000\040\000M\000e\000a\000s\000u\000r\000e\000m\000e\000n\000t\000s}{subsection.7.2}% 186
\BOOKMARK [2][-]{subsection.7.3}{\376\377\000M\000o\000l\000e\000c\000u\000l\000a\000r\000\040\000G\000e\000n\000e\000r\000a\000t\000i\000o\000n\000\040\000R\000e\000s\000u\000l\000t\000s}{section.7}% 187
\BOOKMARK [3][-]{subsubsection.7.3.1}{\376\377\000D\000u\000a\000l\000-\000F\000u\000n\000c\000t\000i\000o\000n\000a\000l\000i\000t\000y\000\040\000M\000o\000l\000e\000c\000u\000l\000a\000r\000\040\000S\000y\000n\000t\000h\000e\000s\000i\000s}{subsection.7.3}% 188
\BOOKMARK [3][-]{subsubsection.7.3.2}{\376\377\000C\000l\000o\000c\000k\000\040\000F\000u\000n\000c\000t\000i\000o\000n\000a\000l\000i\000t\000y\000\040\000V\000a\000l\000i\000d\000a\000t\000i\000o\000n\000\040\000R\000e\000s\000u\000l\000t\000s}{subsection.7.3}% 189
\BOOKMARK [3][-]{subsubsection.7.3.3}{\376\377\000P\000r\000o\000c\000e\000s\000s\000o\000r\000\040\000F\000u\000n\000c\000t\000i\000o\000n\000a\000l\000i\000t\000y\000\040\000V\000a\000l\000i\000d\000a\000t\000i\000o\000n\000\040\000R\000e\000s\000u\000l\000t\000s}{subsection.7.3}% 190
\BOOKMARK [3][-]{subsubsection.7.3.4}{\376\377\000U\000n\000i\000v\000e\000r\000s\000a\000l\000\040\000D\000u\000a\000l\000-\000F\000u\000n\000c\000t\000i\000o\000n\000a\000l\000i\000t\000y\000\040\000V\000a\000l\000i\000d\000a\000t\000i\000o\000n}{subsection.7.3}% 191
\BOOKMARK [2][-]{subsection.7.4}{\376\377\000I\000n\000f\000o\000r\000m\000a\000t\000i\000o\000n\000\040\000C\000a\000t\000a\000l\000y\000s\000i\000s\000\040\000P\000e\000r\000f\000o\000r\000m\000a\000n\000c\000e\000\040\000R\000e\000s\000u\000l\000t\000s}{section.7}% 192
\BOOKMARK [3][-]{subsubsection.7.4.1}{\376\377\000C\000a\000t\000a\000l\000y\000t\000i\000c\000\040\000E\000f\000f\000i\000c\000i\000e\000n\000c\000y\000\040\000M\000e\000a\000s\000u\000r\000e\000m\000e\000n\000t\000s}{subsection.7.4}% 193
\BOOKMARK [3][-]{subsubsection.7.4.2}{\376\377\000T\000h\000e\000r\000m\000o\000d\000y\000n\000a\000m\000i\000c\000\040\000C\000o\000n\000s\000t\000r\000a\000i\000n\000t\000\040\000C\000o\000m\000p\000l\000i\000a\000n\000c\000e}{subsection.7.4}% 194
\BOOKMARK [2][-]{subsection.7.5}{\376\377\000C\000o\000m\000p\000r\000e\000h\000e\000n\000s\000i\000v\000e\000\040\000P\000e\000r\000f\000o\000r\000m\000a\000n\000c\000e\000\040\000S\000u\000m\000m\000a\000r\000y}{section.7}% 195
\BOOKMARK [3][-]{subsubsection.7.5.1}{\376\377\000T\000h\000e\000o\000r\000e\000t\000i\000c\000a\000l\000\040\000P\000r\000e\000d\000i\000c\000t\000i\000o\000n\000\040\000V\000a\000l\000i\000d\000a\000t\000i\000o\000n}{subsection.7.5}% 196
\BOOKMARK [3][-]{subsubsection.7.5.2}{\376\377\000S\000t\000a\000t\000i\000s\000t\000i\000c\000a\000l\000\040\000S\000i\000g\000n\000i\000f\000i\000c\000a\000n\000c\000e\000\040\000A\000n\000a\000l\000y\000s\000i\000s}{subsection.7.5}% 197
\BOOKMARK [3][-]{subsubsection.7.5.3}{\376\377\000R\000e\000p\000r\000o\000d\000u\000c\000i\000b\000i\000l\000i\000t\000y\000\040\000V\000e\000r\000i\000f\000i\000c\000a\000t\000i\000o\000n}{subsection.7.5}% 198
\BOOKMARK [2][-]{subsection.7.6}{\376\377\000P\000e\000r\000f\000o\000r\000m\000a\000n\000c\000e\000\040\000S\000c\000a\000l\000a\000b\000i\000l\000i\000t\000y\000\040\000A\000n\000a\000l\000y\000s\000i\000s}{section.7}% 199
\BOOKMARK [3][-]{subsubsection.7.6.1}{\376\377\000N\000e\000t\000w\000o\000r\000k\000\040\000S\000i\000z\000e\000\040\000S\000c\000a\000l\000i\000n\000g\000\040\000B\000e\000h\000a\000v\000i\000o\000u\000r}{subsection.7.6}% 200
\BOOKMARK [3][-]{subsubsection.7.6.2}{\376\377\000M\000o\000l\000e\000c\000u\000l\000a\000r\000\040\000G\000e\000n\000e\000r\000a\000t\000i\000o\000n\000\040\000T\000h\000r\000o\000u\000g\000h\000p\000u\000t}{subsection.7.6}% 201
\BOOKMARK [3][-]{subsubsection.7.6.3}{\376\377\000H\000a\000r\000d\000w\000a\000r\000e\000\040\000I\000n\000t\000e\000g\000r\000a\000t\000i\000o\000n\000\040\000S\000c\000a\000l\000a\000b\000i\000l\000i\000t\000y}{subsection.7.6}% 202
\BOOKMARK [2][-]{subsection.7.7}{\376\377\000L\000i\000m\000i\000t\000a\000t\000i\000o\000n\000s\000\040\000a\000n\000d\000\040\000B\000o\000u\000n\000d\000a\000r\000y\000\040\000C\000o\000n\000d\000i\000t\000i\000o\000n\000s}{section.7}% 203
\BOOKMARK [3][-]{subsubsection.7.7.1}{\376\377\000O\000p\000e\000r\000a\000t\000i\000o\000n\000a\000l\000\040\000B\000o\000u\000n\000d\000a\000r\000y\000\040\000I\000d\000e\000n\000t\000i\000f\000i\000c\000a\000t\000i\000o\000n}{subsection.7.7}% 204
\BOOKMARK [3][-]{subsubsection.7.7.2}{\376\377\000S\000y\000s\000t\000e\000m\000a\000t\000i\000c\000\040\000E\000r\000r\000o\000r\000\040\000S\000o\000u\000r\000c\000e\000s}{subsection.7.7}% 205
\BOOKMARK [1][-]{section.8}{\376\377\000D\000i\000s\000c\000u\000s\000s\000i\000o\000n}{}% 206
\BOOKMARK [2][-]{subsection.8.1}{\376\377\000T\000h\000e\000o\000r\000y\000-\000V\000a\000l\000i\000d\000a\000t\000i\000o\000n\000-\000R\000e\000s\000u\000l\000t\000s\000\040\000A\000l\000i\000g\000n\000m\000e\000n\000t}{section.8}% 207
\BOOKMARK [3][-]{subsubsection.8.1.1}{\376\377\000O\000s\000c\000i\000l\000l\000a\000t\000o\000r\000y\000\040\000R\000e\000a\000l\000i\000t\000y\000\040\000F\000r\000a\000m\000e\000w\000o\000r\000k\000\040\000V\000a\000l\000i\000d\000a\000t\000i\000o\000n}{subsection.8.1}% 208
\BOOKMARK [3][-]{subsubsection.8.1.2}{\376\377\000D\000u\000a\000l\000-\000F\000u\000n\000c\000t\000i\000o\000n\000a\000l\000i\000t\000y\000\040\000M\000o\000l\000e\000c\000u\000l\000a\000r\000\040\000A\000r\000c\000h\000i\000t\000e\000c\000t\000u\000r\000e\000\040\000V\000a\000l\000i\000d\000a\000t\000i\000o\000n}{subsection.8.1}% 209
\BOOKMARK [3][-]{subsubsection.8.1.3}{\376\377\000H\000a\000r\000d\000w\000a\000r\000e\000\040\000I\000n\000t\000e\000g\000r\000a\000t\000i\000o\000n\000\040\000A\000r\000c\000h\000i\000t\000e\000c\000t\000u\000r\000e\000\040\000V\000a\000l\000i\000d\000a\000t\000i\000o\000n}{subsection.8.1}% 210
\BOOKMARK [3][-]{subsubsection.8.1.4}{\376\377\000I\000n\000f\000o\000r\000m\000a\000t\000i\000o\000n\000\040\000C\000a\000t\000a\000l\000y\000s\000i\000s\000\040\000T\000h\000e\000o\000r\000y\000\040\000V\000a\000l\000i\000d\000a\000t\000i\000o\000n}{subsection.8.1}% 211
\BOOKMARK [3][-]{subsubsection.8.1.5}{\376\377\000M\000o\000l\000e\000c\000u\000l\000a\000r\000\040\000A\000r\000c\000h\000i\000t\000e\000c\000t\000u\000r\000e\000\040\000N\000e\000t\000w\000o\000r\000k\000s\000\040\000V\000a\000l\000i\000d\000a\000t\000i\000o\000n}{subsection.8.1}% 212
\BOOKMARK [2][-]{subsection.8.2}{\376\377\000T\000h\000e\000o\000r\000e\000t\000i\000c\000a\000l\000\040\000P\000r\000e\000d\000i\000c\000t\000i\000o\000n\000\040\000A\000c\000c\000u\000r\000a\000c\000y}{section.8}% 213
\BOOKMARK [2][-]{subsection.8.3}{\376\377\000F\000r\000a\000m\000e\000w\000o\000r\000k\000\040\000I\000n\000t\000e\000g\000r\000a\000t\000i\000o\000n\000\040\000C\000o\000n\000s\000i\000s\000t\000e\000n\000c\000y}{section.8}% 214
\BOOKMARK [2][-]{subsection.8.4}{\376\377\000V\000a\000l\000i\000d\000a\000t\000i\000o\000n\000\040\000M\000e\000t\000h\000o\000d\000o\000l\000o\000g\000y\000\040\000E\000f\000f\000e\000c\000t\000i\000v\000e\000n\000e\000s\000s}{section.8}% 215
\BOOKMARK [2][-]{subsection.8.5}{\376\377\000S\000y\000s\000t\000e\000m\000a\000t\000i\000c\000\040\000E\000r\000r\000o\000r\000\040\000A\000n\000a\000l\000y\000s\000i\000s}{section.8}% 216
\BOOKMARK [2][-]{subsection.8.6}{\376\377\000B\000o\000u\000n\000d\000a\000r\000y\000\040\000C\000o\000n\000d\000i\000t\000i\000o\000n\000\040\000C\000o\000n\000s\000i\000s\000t\000e\000n\000c\000y}{section.8}% 217
\BOOKMARK [2][-]{subsection.8.7}{\376\377\000C\000r\000o\000s\000s\000-\000V\000a\000l\000i\000d\000a\000t\000i\000o\000n\000\040\000B\000e\000t\000w\000e\000e\000n\000\040\000F\000r\000a\000m\000e\000w\000o\000r\000k\000s}{section.8}% 218
